INFO-FLOW: Workspace D:/vivado/sm3/hls_prj/SM3/SM3/solution1 opened at Sat Mar 13 22:42:39 +0800 2021
Execute     config_clock -quiet -name default -period 10 -default=false 
INFO: [SYN 201-201] Setting up clock 'default' with a period of 10ns.
Execute     open_platform DefaultPlatform 
Execute     import_lib C:/Xilinx/Vivado/2019.1/common/technology/xilinx/virtex7/virtex7 
Execute       source C:/Xilinx/Vivado/2019.1/common/technology/xilinx/common/xilinx.lib 
Execute         source C:/Xilinx/Vivado/2019.1/common/technology/xilinx/interface/xilinx_interface.lib 
Execute           source C:/Xilinx/Vivado/2019.1/common/technology/xilinx/interface/plb46.lib 
Execute           source C:/Xilinx/Vivado/2019.1/common/technology/xilinx/interface/fsl.lib 
Execute           source C:/Xilinx/Vivado/2019.1/common/technology/xilinx/interface/axi4.lib 
Execute           source C:/Xilinx/Vivado/2019.1/common/technology/xilinx/interface/maxi.lib 
Execute           source C:/Xilinx/Vivado/2019.1/common/technology/xilinx/interface/saxilite.lib 
Execute         source C:/Xilinx/Vivado/2019.1/common/technology/xilinx/common/dsp48.lib 
Execute         source C:/Xilinx/Vivado/2019.1/common/technology/xilinx/ip/dds_compiler.lib 
Execute         source C:/Xilinx/Vivado/2019.1/common/technology/xilinx/ip/xfft.lib 
Execute         source C:/Xilinx/Vivado/2019.1/common/technology/xilinx/ip/xfir.lib 
Execute       source C:/Xilinx/Vivado/2019.1/common/technology/xilinx/common/xilinx.hlp 
Execute         source C:/Xilinx/Vivado/2019.1/common/technology/xilinx/common/target_info.tcl 
Execute         source C:/Xilinx/Vivado/2019.1/common/technology/xilinx/interface/xilinx_interface.hlp 
Execute           source C:/Xilinx/Vivado/2019.1/common/technology/xilinx/interface/maxi.hlp 
Execute           source C:/Xilinx/Vivado/2019.1/common/technology/xilinx/interface/saxilite.hlp 
Execute         source C:/Xilinx/Vivado/2019.1/common/technology/xilinx/common/dsp48.hlp 
Execute       source C:/Xilinx/Vivado/2019.1/common/technology/xilinx/virtex7/dsp48e1.hlp 
Execute       source C:/Xilinx/Vivado/2019.1/common/technology/xilinx/common/xilinx.hlp 
Execute         source C:/Xilinx/Vivado/2019.1/common/technology/xilinx/common/target_info.tcl 
Execute         source C:/Xilinx/Vivado/2019.1/common/technology/xilinx/interface/xilinx_interface.hlp 
Execute           source C:/Xilinx/Vivado/2019.1/common/technology/xilinx/interface/maxi.hlp 
Execute           source C:/Xilinx/Vivado/2019.1/common/technology/xilinx/interface/saxilite.hlp 
Execute         source C:/Xilinx/Vivado/2019.1/common/technology/xilinx/common/dsp48.hlp 
Execute     source C:/Xilinx/Vivado/2019.1/common/technology/xilinx/virtex7/virtex7.gen 
Execute       source C:/Xilinx/Vivado/2019.1/common/technology/xilinx/common/xilinx.gen 
Execute         source C:/Xilinx/Vivado/2019.1/common/technology/xilinx/interface/plb46.gen 
Execute         source C:/Xilinx/Vivado/2019.1/common/technology/xilinx/interface/fsl.gen 
Execute         source C:/Xilinx/Vivado/2019.1/common/technology/xilinx/interface/axi4.gen 
Execute         source C:/Xilinx/Vivado/2019.1/common/technology/xilinx/interface/nativeAXI4.gen 
Execute           source C:/Xilinx/Vivado/2019.1/common/technology/xilinx/interface/saxilite.gen 
Execute           source C:/Xilinx/Vivado/2019.1/common/technology/xilinx/interface/maxi.gen 
Execute         source C:/Xilinx/Vivado/2019.1/common/technology/xilinx/scripts/xilinxcoregen.gen 
Execute         source C:/Xilinx/Vivado/2019.1/common/technology/xilinx/interface/XilEDKCoreGen.gen 
Execute         source C:/Xilinx/Vivado/2019.1/common/technology/xilinx/ip/dds_compiler.gen 
Execute         source C:/Xilinx/Vivado/2019.1/common/technology/xilinx/ip/util.gen 
Execute         source C:/Xilinx/Vivado/2019.1/common/technology/xilinx/ip/xfft.gen 
Command         ap_source done; 0.134 sec.
Execute         source C:/Xilinx/Vivado/2019.1/common/technology/xilinx/ip/xfir.gen 
Execute         source C:/Xilinx/Vivado/2019.1/common/technology/xilinx/common/dsp48.gen 
Command       ap_source done; 0.192 sec.
Command     ap_source done; 0.192 sec.
Execute     open_platform DefaultPlatform 
Execute     import_lib C:/Xilinx/Vivado/2019.1/common/technology/xilinx/virtex7/virtex7_fpv6 
Execute       source C:/Xilinx/Vivado/2019.1/common/technology/xilinx/common/xilinx_fp.lib 
Execute       source C:/Xilinx/Vivado/2019.1/common/technology/xilinx/common/xilinx_fp.hlp 
Execute         source C:/Xilinx/Vivado/2019.1/common/technology/xilinx/common/xilinx.hlp 
Execute           source C:/Xilinx/Vivado/2019.1/common/technology/xilinx/common/target_info.tcl 
Execute           source C:/Xilinx/Vivado/2019.1/common/technology/xilinx/interface/xilinx_interface.hlp 
Execute             source C:/Xilinx/Vivado/2019.1/common/technology/xilinx/interface/maxi.hlp 
Execute             source C:/Xilinx/Vivado/2019.1/common/technology/xilinx/interface/saxilite.hlp 
Execute           source C:/Xilinx/Vivado/2019.1/common/technology/xilinx/common/dsp48.hlp 
Execute     source C:/Xilinx/Vivado/2019.1/common/technology/xilinx/virtex7/virtex7_fpv6.gen 
Execute       source C:/Xilinx/Vivado/2019.1/common/technology/xilinx/common/xilinx_fp.gen 
Execute     set_part xc7vx980t-ffg1930-2 
Execute       ap_part_info -name xc7vx980t-ffg1930-2 -data single -quiet 
Command       ap_part_info done; 1.978 sec.
Execute       ap_part_info -name xc7vx980t-ffg1930-2 -data info 
Execute       add_library xilinx/virtex7/virtex7:xc7vx980t:-ffg1930:-2 
Execute         get_default_platform 
Execute         license_isbetapart xc7vx980t 
Command         license_isbetapart done; error code: 1; 
Execute         ap_part_info -data single -name xc7vx980t-ffg1930-2 
Execute         ap_part_info -name xc7vx980t-ffg1930-2 -data resources 
Execute         ap_part_info -name xc7vx980t-ffg1930-2 -data info 
Execute         ap_part_info -name xc7vx980t-ffg1930-2 -data info 
Execute         config_chip_info -quiet -resource {SLICE 153000} {LUT 612000} {FF 1224000} {DSP48E 3600} {BRAM 3000} {URAM 0} 
Execute         ap_part_info -name xc7vx980t-ffg1930-2 -data info 
Execute         config_chip_info -quiet -speed medium 
Execute       add_library xilinx/virtex7/virtex7_fpv6 
Execute         get_default_platform 
INFO: [HLS 200-10] Setting target device to 'xc7vx980t-ffg1930-2'
Execute       ap_part_info -name xc7vx980t-ffg1930-2 -data info 
Execute       get_default_platform 
Command     set_part done; 2.127 sec.
Execute     ap_part_info -data single -name xc7vx980t-ffg1930-2 
Execute     ap_part_info -name xc7vx980t-ffg1930-2 -data resources 
Execute     ap_part_info -name xc7vx980t-ffg1930-2 -data info 
Execute     ap_part_info -name xc7vx980t-ffg1930-2 -data info 
Execute     config_chip_info -quiet -resource {SLICE 153000} {LUT 612000} {FF 1224000} {DSP48E 3600} {BRAM 3000} {URAM 0} 
Execute     ap_part_info -name xc7vx980t-ffg1930-2 -data info 
Execute     config_chip_info -quiet -speed medium 
Command   open_solution done; 2.436 sec.
Execute   set_part xc7vx980t-ffg1930-2 -tool vivado 
Execute     ap_part_info -name xc7vx980t-ffg1930-2 -data single -quiet 
Execute     ap_part_info -name xc7vx980t-ffg1930-2 -data info 
Execute     add_library xilinx/virtex7/virtex7:xc7vx980t:-ffg1930:-2 
Execute       get_default_platform 
Execute       license_isbetapart xc7vx980t 
Command       license_isbetapart done; error code: 1; 
Execute       ap_part_info -data single -name xc7vx980t-ffg1930-2 
Execute       ap_part_info -name xc7vx980t-ffg1930-2 -data resources 
Execute       ap_part_info -name xc7vx980t-ffg1930-2 -data info 
Execute       ap_part_info -name xc7vx980t-ffg1930-2 -data info 
Execute       config_chip_info -quiet -resource {SLICE 153000} {LUT 612000} {FF 1224000} {DSP48E 3600} {BRAM 3000} {URAM 0} 
Execute       ap_part_info -name xc7vx980t-ffg1930-2 -data info 
Execute       config_chip_info -quiet -speed medium 
Execute     add_library xilinx/virtex7/virtex7_fpv6 
Execute       get_default_platform 
Execute     ap_part_info -name xc7vx980t-ffg1930-2 -data info 
Execute     get_default_platform 
Command   set_part done; 0.13 sec.
Execute   create_clock -period 10 -name default 
Execute     config_clock -quiet -name default -period 10 -default=false 
INFO: [SYN 201-201] Setting up clock 'default' with a period of 10ns.
Execute   csynth_design 
Execute     get_config_compile -dump_cfg 
Execute     get_config_compile -effort 
Execute     get_config_compile -enable_clang39 
Execute     get_config_compile -g 
Execute     get_config_compile -ng 
Execute     get_config_compile -opt_fp 
Execute     get_config_compile -skip_cdt 
Execute     get_config_compile -skip_syncheck 
Execute     get_config_compile -skip_transform 
Execute     get_config_compile -keep_printf 
Execute     elaborate -effort=medium -skip_syncheck=0 -keep_printf=0 -skip_cdt=0 -skip_transform=0 -ng=0 -g=0 -opt_fp=0 -from_csynth_design=1 
Execute       get_config_schedule -relax_ii_for_timing 
INFO: [SCHED 204-61] Option 'relax_ii_for_timing' is enabled, will increase II to preserve clock frequency constraints.
Execute       get_config_schedule -suppress_dependence_error_break 
INFO: [HLS 200-10] Analyzing design file 'SM3/src/SM3.c' ... 
INFO-FLOW: Compiling one TU...
Execute       is_m_axi_addr64 
INFO-FLOW: Handling SM3/src/SM3.c as C
Execute       ap_part_info -name xc7vx980t-ffg1930-2 -data info 
Execute       is_encrypted SM3/src/SM3.c 
INFO-FLOW: Running: GCC PP
INFO-FLOW: Source preprocessing
Execute       clang  -fno-limit-debug-info -gcc-toolchain "C:/Xilinx/Vivado/2019.1/msys" -hls  -fno-exceptions  -D__llvm__  -E "SM3/src/SM3.c"     -fno-math-errno -c -emit-llvm -O0  -mllvm -disable-llvm-optzns -std=gnu89   -DAESL_SYN -D__SYNTHESIS__ -D__HLS_SYN__ -I "C:/Xilinx/Vivado/2019.1/common/technology/autopilot" -I "C:/Xilinx/Vivado/2019.1/common/technology/autopilot/ap_sysc" -include etc/autopilot_ssdm_op.h -D__DSP48E1__ -D__cdecl=  -o "D:/vivado/sm3/hls_prj/SM3/SM3/solution1/.autopilot/db/SM3.pp.0.c" 
INFO-FLOW: exec C:/Xilinx/Vivado/2019.1/win64/tools/clang/bin/clang -fno-limit-debug-info -gcc-toolchain C:/Xilinx/Vivado/2019.1/msys -hls -fno-exceptions -D__llvm__ -E SM3/src/SM3.c -fno-math-errno -c -emit-llvm -O0 -mllvm -disable-llvm-optzns -std=gnu89 -DAESL_SYN -D__SYNTHESIS__ -D__HLS_SYN__ -I C:/Xilinx/Vivado/2019.1/common/technology/autopilot -I C:/Xilinx/Vivado/2019.1/common/technology/autopilot/ap_sysc -include etc/autopilot_ssdm_op.h -D__DSP48E1__ -D__cdecl= -o D:/vivado/sm3/hls_prj/SM3/SM3/solution1/.autopilot/db/SM3.pp.0.c
Command       clang done; 2.23 sec.
Execute       tidy_31 xilinx-xfmat-array-geometry D:/vivado/sm3/hls_prj/SM3/SM3/solution1/.autopilot/db/SM3.pp.0.c std=gnu89 
INFO-FLOW: exec C:/Xilinx/Vivado/2019.1/win64/tools/clang-3.9-csynth/bin/tidy-3.1 -header-filter=.* -checks=-*,xilinx-xfmat-array-geometry -quiet -fix D:/vivado/sm3/hls_prj/SM3/SM3/solution1/.autopilot/db/SM3.pp.0.c -- -std=gnu89 -fhls -ferror-limit=0
Command       tidy_31 done; 0.49 sec.
INFO-FLOW: Syntax Checking before pre-processing...
Execute       clang -syntaxcheck -src D:/vivado/sm3/hls_prj/SM3/SM3/solution1/.autopilot/db/SM3.pp.0.c  -fno-limit-debug-info -gcc-toolchain "C:/Xilinx/Vivado/2019.1/msys" -hls    -fno-math-errno -c -emit-llvm -O0  -mllvm -disable-llvm-optzns -std=gnu89   -DAESL_SYN -D__SYNTHESIS__ -D__HLS_SYN__ -I "C:/Xilinx/Vivado/2019.1/common/technology/autopilot" -I "C:/Xilinx/Vivado/2019.1/common/technology/autopilot/ap_sysc" -include etc/autopilot_ssdm_op.h -D__DSP48E1__ -D__cdecl=  "D:/vivado/sm3/hls_prj/SM3/SM3/solution1/.autopilot/db/SM3.pp.0.c"  -o "D:/vivado/sm3/hls_prj/SM3/SM3/solution1/.autopilot/db/useless.bc"  
INFO-FLOW: exec C:/Xilinx/Vivado/2019.1/win64/tools/clang/bin/clang -fno-limit-debug-info -gcc-toolchain C:/Xilinx/Vivado/2019.1/msys -hls -fno-math-errno -c -emit-llvm -O0 -mllvm -disable-llvm-optzns -std=gnu89 -DAESL_SYN -D__SYNTHESIS__ -D__HLS_SYN__ -I C:/Xilinx/Vivado/2019.1/common/technology/autopilot -I C:/Xilinx/Vivado/2019.1/common/technology/autopilot/ap_sysc -include etc/autopilot_ssdm_op.h -D__DSP48E1__ -D__cdecl= D:/vivado/sm3/hls_prj/SM3/SM3/solution1/.autopilot/db/SM3.pp.0.c -o D:/vivado/sm3/hls_prj/SM3/SM3/solution1/.autopilot/db/useless.bc
Command       clang done; 2.317 sec.
INFO-FLOW: Done: GCC PP time: 5 seconds per iteration
Execute       source C:/Xilinx/Vivado/2019.1/tps/tcl/tcllib1.11.1/yaml/huddle.tcl 
Execute       source C:/Xilinx/Vivado/2019.1/tps/tcl/tcllib1.11.1/yaml/json2huddle.tcl 
Execute         source C:/Xilinx/Vivado/2019.1/tps/tcl/tcllib1.11.1/try/try.tcl 
Execute       list_core -type functional_unit 
Execute       tidy_31 xilinx-systemc-detector D:/vivado/sm3/hls_prj/SM3/SM3/solution1/.autopilot/db/SM3.pp.0.c std=gnu89 -directive=D:/vivado/sm3/hls_prj/SM3/SM3/solution1/.autopilot/db/.systemc_flag 
INFO-FLOW: exec C:/Xilinx/Vivado/2019.1/win64/tools/clang-3.9-csynth/bin/tidy-3.1 -header-filter=.* -checks=-*,xilinx-systemc-detector -import-directive=D:/vivado/sm3/hls_prj/SM3/SM3/solution1/.autopilot/db/.systemc_flag -quiet -fix-errors D:/vivado/sm3/hls_prj/SM3/SM3/solution1/.autopilot/db/SM3.pp.0.c -- -std=gnu89 -fhls -ferror-limit=0
Command       tidy_31 done; 0.212 sec.
INFO-FLOW: Running: tidy-3.1 CDT preprocess
Execute       tidy_31 xilinx-directive2pragma D:/vivado/sm3/hls_prj/SM3/SM3/solution1/.autopilot/db/SM3.pp.0.c std=gnu89 -directive=D:/vivado/sm3/hls_prj/SM3/SM3/solution1/.autopilot/db/all.directive.json 
INFO-FLOW: exec C:/Xilinx/Vivado/2019.1/win64/tools/clang-3.9-csynth/bin/tidy-3.1 -header-filter=.* -checks=-*,xilinx-directive2pragma -import-directive=D:/vivado/sm3/hls_prj/SM3/SM3/solution1/.autopilot/db/all.directive.json -quiet -fix-errors D:/vivado/sm3/hls_prj/SM3/SM3/solution1/.autopilot/db/SM3.pp.0.c -- -std=gnu89 -fhls -ferror-limit=0
Command       tidy_31 done; 0.206 sec.
Execute       get_config_dataflow -strict_mode 
Execute       ap_eval exec -ignorestderr C:/Xilinx/Vivado/2019.1/win64/tools/clang-3.9-csynth/bin/xilinx-dataflow-lawyer -export-fixes=D:/vivado/sm3/hls_prj/SM3/SM3/solution1/.autopilot/db/xilinx-dataflow-lawyer.SM3.pp.0.c.diag.yml D:/vivado/sm3/hls_prj/SM3/SM3/solution1/.autopilot/db/SM3.pp.0.c -- -std=gnu99 -fhls -ferror-limit=0 -fstrict-dataflow > D:/vivado/sm3/hls_prj/SM3/SM3/solution1/.autopilot/db/xilinx-dataflow-lawyer.SM3.pp.0.c.out.log 2> D:/vivado/sm3/hls_prj/SM3/SM3/solution1/.autopilot/db/xilinx-dataflow-lawyer.SM3.pp.0.c.err.log 
Command       ap_eval done; 0.342 sec.
Execute       tidy_31 -errorcheck xilinx-constantarray-param,xilinx-resource-pragma-transformer,xilinx-xfmat-array-geometry D:/vivado/sm3/hls_prj/SM3/SM3/solution1/.autopilot/db/SM3.pp.0.c std=gnu89 
Execute         ap_eval exec -ignorestderr C:/Xilinx/Vivado/2019.1/win64/tools/clang-3.9-csynth/bin/tidy-3.1 -export-fixes=D:/vivado/sm3/hls_prj/SM3/SM3/solution1/.autopilot/db/tidy-3.1.SM3.pp.0.c.diag.yml -header-filter=.* -checks=-*,xilinx-constantarray-param,xilinx-resource-pragma-transformer,xilinx-xfmat-array-geometry -quiet -fix-errors D:/vivado/sm3/hls_prj/SM3/SM3/solution1/.autopilot/db/SM3.pp.0.c -- -std=gnu89 -fhls -ferror-limit=0 > D:/vivado/sm3/hls_prj/SM3/SM3/solution1/.autopilot/db/tidy-3.1.SM3.pp.0.c.out.log 2> D:/vivado/sm3/hls_prj/SM3/SM3/solution1/.autopilot/db/tidy-3.1.SM3.pp.0.c.err.log 
Command         ap_eval done; 0.322 sec.
Execute         source C:/Xilinx/Vivado/2019.1/tps/tcl/tcllib1.11.1/yaml/yaml.tcl 
Execute           source C:/Xilinx/Vivado/2019.1/tps/tcl/tcllib1.11.1/cmdline/cmdline.tcl 
Execute         ap_eval exec -ignorestderr C:/Xilinx/Vivado/2019.1/win64/tools/clang-3.9-csynth/bin/xilinx-legacy-rewriter D:/vivado/sm3/hls_prj/SM3/SM3/solution1/.autopilot/db/SM3.pp.0.c -- -std=gnu89 -fhls -ferror-limit=0 > D:/vivado/sm3/hls_prj/SM3/SM3/solution1/.autopilot/db/xilinx-legacy-rewriter.SM3.pp.0.c.out.log 2> D:/vivado/sm3/hls_prj/SM3/SM3/solution1/.autopilot/db/xilinx-legacy-rewriter.SM3.pp.0.c.err.log 
Command         ap_eval done; 0.319 sec.
Command       tidy_31 done; 0.683 sec.
INFO-FLOW: Done: tidy-3.1 CDT preprocess time: 1.2 seconds per iteration
INFO-FLOW: Pragma Handling...
Execute       tidy_31 xilinx-ssdm-intrinsics-arguments D:/vivado/sm3/hls_prj/SM3/SM3/solution1/.autopilot/db/SM3.pragma.1.c std=gnu89 
INFO-FLOW: exec C:/Xilinx/Vivado/2019.1/win64/tools/clang-3.9-csynth/bin/tidy-3.1 -header-filter=.* -checks=-*,xilinx-ssdm-intrinsics-arguments -quiet -fix-errors D:/vivado/sm3/hls_prj/SM3/SM3/solution1/.autopilot/db/SM3.pragma.1.c -- -std=gnu89 -fhls -ferror-limit=0
Command       tidy_31 done; 0.2 sec.
Execute       ap_part_info -name xc7vx980t-ffg1930-2 -data info 
INFO-FLOW: Processing labels
Execute       clang -src D:/vivado/sm3/hls_prj/SM3/SM3/solution1/.autopilot/db/SM3.pragma.2.c  -fno-limit-debug-info -gcc-toolchain C:/Xilinx/Vivado/2019.1/msys -hls -hls-analyze-label -hls-analyze-pragma -fno-exceptions  -D__llvm__  -w  "D:/vivado/sm3/hls_prj/SM3/SM3/solution1/.autopilot/db/SM3.pragma.2.c"    -fno-math-errno -c -emit-llvm -O0  -mllvm -disable-llvm-optzns -std=gnu89  -DAESL_SYN -D__SYNTHESIS__ -D__HLS_SYN__ -I "C:/Xilinx/Vivado/2019.1/common/technology/autopilot" -I "C:/Xilinx/Vivado/2019.1/common/technology/autopilot/ap_sysc" -include etc/autopilot_ssdm_op.h -D__DSP48E1__ -g -o "D:/vivado/sm3/hls_prj/SM3/SM3/solution1/.autopilot/db/SM3.bc" 
INFO-FLOW: exec C:/Xilinx/Vivado/2019.1/win64/tools/clang/bin/clang -fno-limit-debug-info -gcc-toolchain C:/Xilinx/Vivado/2019.1/msys -hls -hls-analyze-label -hls-analyze-pragma -fno-exceptions -D__llvm__ -w D:/vivado/sm3/hls_prj/SM3/SM3/solution1/.autopilot/db/SM3.pragma.2.c -fno-math-errno -c -emit-llvm -O0 -mllvm -disable-llvm-optzns -std=gnu89 -DAESL_SYN -D__SYNTHESIS__ -D__HLS_SYN__ -I C:/Xilinx/Vivado/2019.1/common/technology/autopilot -I C:/Xilinx/Vivado/2019.1/common/technology/autopilot/ap_sysc -include etc/autopilot_ssdm_op.h -D__DSP48E1__ -g -o D:/vivado/sm3/hls_prj/SM3/SM3/solution1/.autopilot/db/SM3.bc
Command       clang done; 2.001 sec.
INFO-FLOW: Linking Debug ...
Execute       llvm-ld D:/vivado/sm3/hls_prj/SM3/SM3/solution1/.autopilot/db/SM3.g.bc -hls-opt -except-internalize SM3Calc -LC:/Xilinx/Vivado/2019.1/win64/lib -lhlsm -lhlsmc++ -o D:/vivado/sm3/hls_prj/SM3/SM3/solution1/.autopilot/db/a.g 
Command       llvm-ld done; 3.254 sec.
INFO: [HLS 200-111] Finished Linking Time (s): cpu = 00:00:01 ; elapsed = 00:00:16 . Memory (MB): peak = 184.145 ; gain = 92.500
INFO: [HLS 200-111] Finished Checking Pragmas Time (s): cpu = 00:00:01 ; elapsed = 00:00:16 . Memory (MB): peak = 184.145 ; gain = 92.500
Execute       get_config_sdx -target 
Execute       opt_and_import_c a -opt_level=2 -skip_syncheck=0 -ng=0 -keep_printf=0 
Execute         cleanup_all_models 
INFO: [HLS 200-10] Starting code transformations ...
Execute         transform -promote-dbg-pointer D:/vivado/sm3/hls_prj/SM3/SM3/solution1/.autopilot/db/a.pp.bc -o D:/vivado/sm3/hls_prj/SM3/SM3/solution1/.autopilot/db/a.pp.0.bc -f 
Execute         llvm-ld D:/vivado/sm3/hls_prj/SM3/SM3/solution1/.autopilot/db/a.pp.0.bc -disable-opt -LC:/Xilinx/Vivado/2019.1/win64/lib -lfloatconversion -o D:/vivado/sm3/hls_prj/SM3/SM3/solution1/.autopilot/db/a.g.0 
Command         llvm-ld done; 1.102 sec.
INFO-FLOW: Running Standard Transforms...
Execute         transform -hls -share-std-xform -demangle-name -inline-byval-memcpy -always-inline -promote-dbg-pointer -interface-preproc -mem2reg -scalarrepl -mem2reg -keep-read-access -instcombine -dce -promote-dbg-pointer -bitop-raise -loop-simplify -indvarspre -indvars -loop-simplify -xunroll -constprop -instcombine -simplifycfg -indvars -simplifycfg -dce -globaldce -basicaa -simplifycfg -mem2reg -globalopt -global-constprop -deadargelim -instcombine -simplifycfg -prune-eh -simplifycfg -scalarrepl -instcombine -reassociate -licm -simplifycfg -loop-simplify -indvars -instcombine -simplifycfg -mem2reg -loop-simplify -indvars -instcombine -gvn -gvn -instcombine -adce -break-crit-edges -simplifycfg -loop-delete -global-array-opt -dce -dse -adce -find-syn-modules -top SM3Calc -deadargelim -mem2reg -instcombine -dce -presyn-prepare -auto-rom-infer -interface-preproc -syn-check -check-rec-only -find-region -simplifycfg -func-extr -function-inline -globaldce -mem2reg -instcombine -dce -gvn -globaldce -adce -adse -constprop -instcombine -bit-constprop -instcombine -dce -simplifycfg -bitop-raise -simplifycfg -dce -loop-delete -reassociate -globalopt -global-privatize -mem2reg -dce -global-constprop -pointer-simplify -constprop -dce -func-inst -deadargelim -auto-shift-reg-idiom -promote-dbg-pointer -norm-name D:/vivado/sm3/hls_prj/SM3/SM3/solution1/.autopilot/db/a.g.0.bc -o D:/vivado/sm3/hls_prj/SM3/SM3/solution1/.autopilot/db/a.g.1.bc -f -phase std-opt 
INFO: [HLS 200-111] Finished Standard Transforms Time (s): cpu = 00:00:01 ; elapsed = 00:00:17 . Memory (MB): peak = 184.145 ; gain = 92.500
INFO: [HLS 200-10] Checking synthesizability ...
INFO-FLOW: Checking Synthesizability 1/2..
Execute         transform -hls -syn-check -check-rec-only -disaggr -scalarrepl -norm-name -dce -mem2reg -instcombine -function-uniquify -directive-preproc -mem2reg -dse -dce -auto-rom-infer -dce -pag -array-normalize -instcombine -dce -warn-fifo-pointer -array-seg-normalize -instcombine -dce -array-flatten -instcombine -dce -array-burst -dce -deadargelim -promote-global-argument -simplifycfg -mem2reg -globaldce -dce -deadargelim -dce -instcombine -function-inline -globaldce -dce -doublePtrSimplify -doublePtrElim -dce -doublePtrSimplify -promote-dbg-pointer -dce -scalarrepl -dse -adse -instcombine -ptrLegalization -simplifycfg -dce -instcombine -pointer-simplify -ptrArgReplace -dce -instcombine -resolve-double-ptr -disaggr -scalarrepl -norm-name -dce -mem2reg -instcombine -ptrLegalization -simplifycfg -deadargelim -instcombine -dce -inst-simplify -function-uniquify -directive-preproc -mem2reg -dse -dce -globaldce -check-dspbuiltin D:/vivado/sm3/hls_prj/SM3/SM3/solution1/.autopilot/db/a.g.1.bc -o D:/vivado/sm3/hls_prj/SM3/SM3/solution1/.autopilot/db/a.g.2.prechk.bc -f 
INFO: [XFORM 203-602] Inlining function 'P1' into 'processmessageblock' (SM3/src/SM3.c:136) automatically.
INFO: [XFORM 203-602] Inlining function 'T' into 'processmessageblock' (SM3/src/SM3.c:172) automatically.
INFO: [XFORM 203-602] Inlining function 'FF' into 'processmessageblock' (SM3/src/SM3.c:174) automatically.
INFO: [XFORM 203-602] Inlining function 'GG' into 'processmessageblock' (SM3/src/SM3.c:175) automatically.
INFO: [XFORM 203-602] Inlining function 'P0' into 'processmessageblock' (SM3/src/SM3.c:184) automatically.
INFO: [XFORM 203-602] Inlining function 'initial' into 'SM3Calc' (SM3/src/SM3.c:232) automatically.
INFO-FLOW: Checking Synthesizability 2/2..
Execute         transform -syn-check D:/vivado/sm3/hls_prj/SM3/SM3/solution1/.autopilot/db/a.g.2.prechk.bc -o D:/vivado/sm3/hls_prj/SM3/SM3/solution1/.autopilot/db/a.g.2.bc -f -phase syn-check 
WARNING: [SYNCHK 200-23] SM3/src/SM3.c:212: variable-indexed range selection may cause suboptimal QoR.
INFO: [SYNCHK 200-10] 0 error(s), 1 warning(s).
INFO: [HLS 200-111] Finished Checking Synthesizability Time (s): cpu = 00:00:01 ; elapsed = 00:00:17 . Memory (MB): peak = 184.145 ; gain = 92.500
INFO-FLOW: Compiler optimizing ...
INFO-FLOW: Share syncheck's 1.bc for syn flow: copy D:/vivado/sm3/hls_prj/SM3/SM3/solution1/.autopilot/db/a.g.1.bc to D:/vivado/sm3/hls_prj/SM3/SM3/solution1/.autopilot/db/a.o.1.bc
INFO-FLOW: Presyn 1...
Execute         transform -hls -tmp D:/vivado/sm3/hls_prj/SM3/SM3/solution1/.autopilot/db -interface-port-rename -type-info -function-uniquify -directive-preproc -mem2reg -dse -dce -disaggr -scalarrepl -norm-name -deadargelim -mem2reg -instcombine -dce -simplifycfg -auto-rom-infer -dce -function-uniquify -resource-proc -clib-intrinsic-prepare -dce -func-buffer -dce -pag -array-normalize -func-legal -instcombine -gvn -constprop -dce -simplifycfg -mem2reg -globaldce -resolve-double-ptr -dce -deadargelim -dce -instcombine -ptrArgReplace -mem2reg -dce -array-seg-normalize -deadargelim -instcombine -dce -pointer-simplify -dce -port-alignment -dce -interface-preproc -data-pack -instcombine -dce -basicaa -aggr-aa -aggrmodref-aa -aggr-aa -gvn -gvn -basicaa -aggr-aa -aggrmodref-aa -aggr-aa -dse -adse -adce -loop-simplify -indvars -instcombine -gvn -loop-simplify -mem2reg -dce -find-region -instcombine -auto-loop-pipeline -inst-simplify -interface-preproc -cfgopt -instcombine -indvars -auto-loop-unroll -loop-simplify -loop-bound -xunroll -constprop -instcombine -simplifycfg -indvars -simplifycfg -dce -globaldce -clean-region -attach-range -gvn -inst-simplify -constprop -simplifycfg -dce -pointer-simplify -dce -globalopt -constprop -dce -array-promote -constprop -dce -ptrArgReplace -mem2reg -simplifycfg -dce -auto-par -instcombine -dce -array-transform-check -array-reshape -instcombine -simplifycfg -dce -ptrArgReplace -deadargelim -mem2reg -instcombine -simplifycfg -dce -indvars -loop-simplify -loop-bound -xunroll -constprop -instcombine -simplifycfg -indvars -simplifycfg -dce -globaldce -basicaa -aggr-aa -aggrmodref-aa -aggr-aa -dse -duplicate-dataflow-processes -globaldce -instcombine -array-partition -instcombine -simplifycfg -dce -ptrArgReplace -global-constprop -deadargelim -mem2reg -func-legal -dce -global-constprop -deadargelim -mem2reg -simplifycfg -dce -merge-param -deadargelim -globalopt -constprop -dce -array-promote -constprop -dce -ptrArgReplace -mem2reg -simplifycfg -dce -mem-intrinsic-preproc -dce -global-internalize -global-privatize -mem2reg -globaldce -promote-global-argument -ptrArgReplace -mem2reg -dce -globalopt -mergereturn -simplify-global-access -mem2reg -dce -pointer-simplify -dce -functionattrs -basicaa -aggr-aa -aggrmodref-aa -aggr-aa -gvn -gvn -basicaa -aggr-aa -aggrmodref-aa -aggr-aa -dse -adse -adce -dce -norm-name -function-inline -complex-op-raise -inst-simplify -globaldce -func-inst -constprop -instcombine -simplifycfg -dce -func-legal -dce -loop-bound -arraycheck -bitwidthmin -on-by-dataflow -loop-delete -instcombine -simplifycfg -globaldce -dce -gvn -deadargelim -dce -loop-simplify -clean-region -simplifycfg -propagate-stable-arguments -loop-stream -instcombine -simplifycfg -dce -globaldce -duplicate-dataflow-processes -stream-intrinsic-preproc -dce -check-ap-stream -loop-simplify -eliminate-keepreads -extract-dataflow-in-loop -loop-simplify -dce -gvn -deadargelim -dse -check-dataflow-syntax -legalize-stream-variable -legalize-global -extract-subproc -dce -dead-channel-elimination -canonicalize-gep -globaldce -dce -gvn -deadargelim -annotate-dataflow-channels -scalar-propagation -deadargelim -globaldce -mem2reg -check-dataflow-channels -function-stream -dce -globaldce -prop-fifo-spec -internal-stream-gen -canonicalize-gep -globaldce -dce -gvn -deadargelim -mergereturn -indvars -loop-simplify -instcombine -array-stream -array-seg-normalize -array-partition -func-legal -instcombine -simplifycfg -dce -bundle-memfifo-ops -deadargelim -function-uniquify -directive-preproc -mem2reg -dse -dce -group-axi-access -licm -simplifycfg -dce -loop-delete -norm-name D:/vivado/sm3/hls_prj/SM3/SM3/solution1/.autopilot/db/a.o.1.bc -o D:/vivado/sm3/hls_prj/SM3/SM3/solution1/.autopilot/db/a.o.1.tmp.bc -f 
INFO: [XFORM 203-602] Inlining function 'LeftRotate' into 'P1' (SM3/src/SM3.c:85) automatically.
INFO: [XFORM 203-602] Inlining function 'LeftRotate' into 'P0' (SM3/src/SM3.c:75) automatically.
INFO: [XFORM 203-602] Inlining function 'P1' into 'processmessageblock' (SM3/src/SM3.c:136) automatically.
INFO: [XFORM 203-602] Inlining function 'T' into 'processmessageblock' (SM3/src/SM3.c:172) automatically.
INFO: [XFORM 203-602] Inlining function 'FF' into 'processmessageblock' (SM3/src/SM3.c:174) automatically.
INFO: [XFORM 203-602] Inlining function 'GG' into 'processmessageblock' (SM3/src/SM3.c:175) automatically.
INFO: [XFORM 203-602] Inlining function 'P0' into 'processmessageblock' (SM3/src/SM3.c:184) automatically.
INFO: [XFORM 203-602] Inlining function 'initial' into 'SM3Calc' (SM3/src/SM3.c:232) automatically.
Command         transform done; 0.219 sec.
INFO-FLOW: Presyn 2...
Execute         transform -hls -keep-callgraph -scalarrepl -mem2reg -port-alignment -attach-range -dce -pipe-mux-gen -indvars -loop-bound -inst-simplify -instcombine -dce -merge-array-access -mem2reg -dce -clean-region -mergereturn -if-conv -instcombine -dce -constprop -basicaa -aggr-aa -aggrmodref-aa -aggr-aa -gvn -gvn -basicaa -aggr-aa -aggrmodref-aa -aggr-aa -dse -adse -adce -scalarrepl -mem2reg -global-constprop -deadargelim -deadargelim -instcombine -dce -simplifycfg -ptrArgReplace -mem2reg -function-inline -globaldce -mem2reg -instcombine -dce -expr-balance -instcombine -dce -bitwidthmin -interface-preproc -directive-preproc -inst-rectify -instcombine -dce -functionattrs -constprop -instcombine -bit-constprop -simplify-global-access -globalopt -globaldce -inst-simplify -instcombine -elimdeaddata -dce -loop-delete -simplifycfg -loop-simplify -auto-burst -norm-name D:/vivado/sm3/hls_prj/SM3/SM3/solution1/.autopilot/db/a.o.1.tmp.bc -o D:/vivado/sm3/hls_prj/SM3/SM3/solution1/.autopilot/db/a.o.2.bc -f -phase presyn 
INFO: [XFORM 203-401] Performing if-conversion on hyperblock from (SM3/src/SM3.c:172:21) to (SM3/src/SM3.c:167:22) in function 'processmessageblock'... converting 7 basic blocks.
INFO: [XFORM 203-401] Performing if-conversion on hyperblock from (SM3/src/SM3.c:9:30) to (SM3/src/SM3.c:17:1) in function 'LeftRotate'... converting 4 basic blocks.
INFO: [XFORM 203-602] Inlining function 'LeftRotate' into 'processmessageblock' (SM3/src/SM3.c:136) automatically.
INFO: [XFORM 203-11] Balancing expressions in function 'processmessageblock' (SM3/src/SM3.c:103)...10 expression(s) balanced.
Command         transform done; 0.136 sec.
INFO: [HLS 200-111] Finished Pre-synthesis Time (s): cpu = 00:00:02 ; elapsed = 00:00:18 . Memory (MB): peak = 184.145 ; gain = 92.500
INFO-FLOW: Building ssdm...
Execute         transform -hls -function-uniquify -auto-function-inline -globaldce -ptrArgReplace -mem2reg -dce -reset-lda -loop-simplify -indvars -licm -loop-dep -loop-bound -licm -loop-simplify -flattenloopnest -array-flatten -gvn -instcombine -dce -array-map -dce -func-legal -gvn -adce -instcombine -cfgopt -simplifycfg -loop-simplify -array-burst -promote-global-argument -dce -ptrLegalization -axi4-lower -array-seg-normalize -basicaa -aggrmodref-aa -globalsmodref-aa -aggr-aa -gvn -gvn -basicaa -aggrmodref-aa -globalsmodref-aa -aggr-aa -dse -adse -adce -licm -inst-simplify -dce -globaldce -instcombine -array-stream -eliminate-keepreads -instcombine -dce -deadargelim -doublePtrSimplify -doublePtrElim -dce -doublePtrSimplify -promote-dbg-pointer -dce -scalarrepl -mem2reg -disaggr -norm-name -mem2reg -instcombine -dse -adse -adce -ptrLegalization -dce -auto-rom-infer -array-flatten -dce -instcombine -check-doubleptr -loop-rot -constprop -cfgopt -simplifycfg -loop-simplify -indvars -pointer-simplify -dce -loop-bound -loop-simplify -loop-preproc -constprop -global-constprop -gvn -mem2reg -instcombine -dce -loop-bound -loop-merge -dce -bitwidthmin -deadargelim -dce -canonicalize-dataflow -dce -scalar-propagation -deadargelim -globaldce -mem2reg -read-loop-dep -interface-preproc -directive-preproc -interface-gen -bram-byte-enable -deadargelim -inst-simplify -dce -gvn -mem2reg -instcombine -dce -adse -loop-bound -instcombine -cfgopt -simplifycfg -loop-simplify -clean-region -io-protocol -find-region -mem2reg -bitop-raise -complex-op-raise -inst-simplify -inst-rectify -instcombine -adce -deadargelim -loop-simplify -phi-opt -bitop-raise -cfgopt -simplifycfg -strip-dead-prototypes -interface-lower -bitop-lower -intrinsic-lower -auto-function-inline -basicaa -aggrmodref-aa -globalsmodref-aa -aggr-aa -inst-simplify -simplifycfg -loop-simplify -mergereturn -inst-simplify -inst-rectify -dce -load-elim -bitop-lower -loop-rewind -pointer-simplify -dce -cfgopt -dce -loop-bound -loop-dep -read-loop-dep -dce -check-stream -norm-name -legalize -validate-dataflow -inst-clarity -bitwidth -dump-loop-dep-to-ir -check-all-ssdm -cdfg-build D:/vivado/sm3/hls_prj/SM3/SM3/solution1/.autopilot/db/a.o.2.bc -o D:/vivado/sm3/hls_prj/SM3/SM3/solution1/.autopilot/db/a.o.3.bc -f -phase build-ssdm 
Command         transform done; 0.456 sec.
INFO: [HLS 200-111] Finished Architecture Synthesis Time (s): cpu = 00:00:02 ; elapsed = 00:00:18 . Memory (MB): peak = 184.145 ; gain = 92.500
INFO-FLOW: Finish building internal data model.
Command       opt_and_import_c done; 2.228 sec.
Command     elaborate done; 14.328 sec.
Execute     autosyn -from_csynth_design=1 
INFO: [HLS 200-10] Starting hardware synthesis ...
INFO-FLOW: Synthesizing C/C++ design ...
INFO: [HLS 200-10] Synthesizing 'SM3Calc' ...
Execute       ap_set_top_model SM3Calc 
Execute       get_model_list SM3Calc -filter all-wo-channel -topdown 
Execute       preproc_iomode -model SM3Calc 
Execute       preproc_iomode -model processmessageblock 
Execute       get_model_list SM3Calc -filter all-wo-channel 
INFO-FLOW: Model list for configure: processmessageblock SM3Calc
INFO-FLOW: Configuring Module : processmessageblock ...
Execute       set_default_model processmessageblock 
Execute       apply_spec_resource_limit processmessageblock 
INFO-FLOW: Configuring Module : SM3Calc ...
Execute       set_default_model SM3Calc 
Execute       apply_spec_resource_limit SM3Calc 
INFO-FLOW: Model list for preprocess: processmessageblock SM3Calc
INFO-FLOW: Preprocessing Module: processmessageblock ...
Execute       set_default_model processmessageblock 
Execute       cdfg_preprocess -model processmessageblock 
Execute       rtl_gen_preprocess processmessageblock 
INFO-FLOW: Preprocessing Module: SM3Calc ...
Execute       set_default_model SM3Calc 
Execute       cdfg_preprocess -model SM3Calc 
Execute       rtl_gen_preprocess SM3Calc 
INFO-FLOW: Model list for synthesis: processmessageblock SM3Calc
INFO: [HLS 200-10] ----------------------------------------------------------------
INFO: [HLS 200-42] -- Implementing module 'processmessageblock' 
INFO: [HLS 200-10] ----------------------------------------------------------------
Execute       set_default_model processmessageblock 
Execute       schedule -model processmessageblock 
INFO: [SCHED 204-11] Starting scheduling ...
INFO: [SCHED 204-11] Finished scheduling.
Command       schedule done; 0.216 sec.
INFO: [HLS 200-111]  Elapsed time: 18.557 seconds; current allocated memory: 112.961 MB.
Execute       syn_report -verbosereport -o D:/vivado/sm3/hls_prj/SM3/SM3/solution1/.autopilot/db/processmessageblock.verbose.sched.rpt 
INFO: [HLS 200-434] Only 0 loops out of a total 4 loops have been pipelined in this design.
Execute       db_write -o D:/vivado/sm3/hls_prj/SM3/SM3/solution1/.autopilot/db/processmessageblock.sched.adb -f 
INFO-FLOW: Finish scheduling processmessageblock.
Execute       set_default_model processmessageblock 
Execute       bind -model processmessageblock 
BIND OPTION: model=processmessageblock
INFO: [BIND 205-100] Starting micro-architecture generation ...
INFO: [BIND 205-101] Performing variable lifetime analysis.
INFO: [BIND 205-101] Exploring resource sharing.
INFO: [BIND 205-101] Binding ...
INFO: [BIND 205-100] Finished micro-architecture generation.
INFO: [HLS 200-111]  Elapsed time: 0.242 seconds; current allocated memory: 113.735 MB.
Execute       syn_report -verbosereport -o D:/vivado/sm3/hls_prj/SM3/SM3/solution1/.autopilot/db/processmessageblock.verbose.bind.rpt 
Command       syn_report done; 0.171 sec.
Execute       db_write -o D:/vivado/sm3/hls_prj/SM3/SM3/solution1/.autopilot/db/processmessageblock.bind.adb -f 
INFO-FLOW: Finish binding processmessageblock.
INFO: [HLS 200-10] ----------------------------------------------------------------
INFO: [HLS 200-42] -- Implementing module 'SM3Calc' 
INFO: [HLS 200-10] ----------------------------------------------------------------
Execute       set_default_model SM3Calc 
Execute       schedule -model SM3Calc 
INFO: [SCHED 204-11] Starting scheduling ...
INFO: [SCHED 204-11] Finished scheduling.
INFO: [HLS 200-111]  Elapsed time: 0.336 seconds; current allocated memory: 114.134 MB.
Execute       syn_report -verbosereport -o D:/vivado/sm3/hls_prj/SM3/SM3/solution1/.autopilot/db/SM3Calc.verbose.sched.rpt 
Execute       db_write -o D:/vivado/sm3/hls_prj/SM3/SM3/solution1/.autopilot/db/SM3Calc.sched.adb -f 
INFO-FLOW: Finish scheduling SM3Calc.
Execute       set_default_model SM3Calc 
Execute       bind -model SM3Calc 
BIND OPTION: model=SM3Calc
INFO: [BIND 205-100] Starting micro-architecture generation ...
INFO: [BIND 205-101] Performing variable lifetime analysis.
INFO: [BIND 205-101] Exploring resource sharing.
INFO: [BIND 205-101] Binding ...
INFO: [BIND 205-100] Finished micro-architecture generation.
INFO: [HLS 200-111]  Elapsed time: 0.17 seconds; current allocated memory: 114.504 MB.
Execute       syn_report -verbosereport -o D:/vivado/sm3/hls_prj/SM3/SM3/solution1/.autopilot/db/SM3Calc.verbose.bind.rpt 
Command       syn_report done; 0.19 sec.
Execute       db_write -o D:/vivado/sm3/hls_prj/SM3/SM3/solution1/.autopilot/db/SM3Calc.bind.adb -f 
INFO-FLOW: Finish binding SM3Calc.
Execute       get_model_list SM3Calc -filter all-wo-channel 
INFO-FLOW: Preprocessing for RTLGen ...
Execute       rtl_gen_preprocess processmessageblock 
Execute       rtl_gen_preprocess SM3Calc 
INFO-FLOW: Model list for RTL generation: processmessageblock SM3Calc
INFO: [HLS 200-10] ----------------------------------------------------------------
INFO: [HLS 200-10] -- Generating RTL for module 'processmessageblock' 
INFO: [HLS 200-10] ----------------------------------------------------------------
Execute       get_config_rtl -module_prefix 
Execute       get_config_rtl -module_auto_prefix 
Execute       create_rtl_model processmessageblock -vendor xilinx -mg_file D:/vivado/sm3/hls_prj/SM3/SM3/solution1/.autopilot/db/processmessageblock.compgen.tcl 
INFO: [SYN 201-210] Renamed object name 'processmessageblock_W' to 'processmessageblobkb' due to the length limit 20
INFO: [SYN 201-210] Renamed object name 'processmessageblock_W_s' to 'processmessageblocud' due to the length limit 20
INFO: [RTGEN 206-100] Finished creating RTL model for 'processmessageblock'.
INFO: [HLS 200-111]  Elapsed time: 0.335 seconds; current allocated memory: 115.702 MB.
Execute       source D:/vivado/sm3/hls_prj/SM3/SM3/solution1/.autopilot/db/SM3Calc.rtl_wrap.cfg.tcl 
Execute       gen_rtl processmessageblock -style xilinx -tracefl mytrace -tracefmt vcd -traceopt all -f -lang sc -o D:/vivado/sm3/hls_prj/SM3/SM3/solution1/syn/systemc/processmessageblock -synmodules processmessageblock SM3Calc 
Execute       gen_rtl processmessageblock -style xilinx -f -lang vhdl -o D:/vivado/sm3/hls_prj/SM3/SM3/solution1/syn/vhdl/processmessageblock 
Execute       gen_rtl processmessageblock -style xilinx -f -lang vlog -o D:/vivado/sm3/hls_prj/SM3/SM3/solution1/syn/verilog/processmessageblock 
Execute       syn_report -csynth -model processmessageblock -o D:/vivado/sm3/hls_prj/SM3/SM3/solution1/syn/report/processmessageblock_csynth.rpt 
Execute       syn_report -rtlxml -model processmessageblock -o D:/vivado/sm3/hls_prj/SM3/SM3/solution1/syn/report/processmessageblock_csynth.xml 
Execute       syn_report -verbosereport -model processmessageblock -o D:/vivado/sm3/hls_prj/SM3/SM3/solution1/.autopilot/db/processmessageblock.verbose.rpt 
Command       syn_report done; 0.205 sec.
Execute       db_write -model processmessageblock -f -o D:/vivado/sm3/hls_prj/SM3/SM3/solution1/.autopilot/db/processmessageblock.adb 
Command       db_write done; 0.11 sec.
Execute       gen_tb_info processmessageblock -p D:/vivado/sm3/hls_prj/SM3/SM3/solution1/.autopilot/db -o D:/vivado/sm3/hls_prj/SM3/SM3/solution1/.autopilot/db/processmessageblock 
INFO: [HLS 200-10] ----------------------------------------------------------------
INFO: [HLS 200-10] -- Generating RTL for module 'SM3Calc' 
INFO: [HLS 200-10] ----------------------------------------------------------------
Execute       get_config_rtl -module_prefix 
Execute       get_config_rtl -module_auto_prefix 
Execute       create_rtl_model SM3Calc -vendor xilinx -mg_file D:/vivado/sm3/hls_prj/SM3/SM3/solution1/.autopilot/db/SM3Calc.compgen.tcl 
INFO: [RTGEN 206-500] Setting interface mode on port 'SM3Calc/message' to 'ap_memory'.
INFO: [RTGEN 206-500] Setting interface mode on port 'SM3Calc/messageLen' to 'ap_none'.
INFO: [RTGEN 206-500] Setting interface mode on port 'SM3Calc/digest' to 'ap_memory'.
INFO: [RTGEN 206-500] Setting interface mode on function 'SM3Calc' to 'ap_ctrl_hs'.
INFO: [SYN 201-210] Renamed object name 'SM3Calc_messageBlock' to 'SM3Calc_messageBldEe' due to the length limit 20
INFO: [SYN 201-210] Renamed object name 'SM3Calc_intermediateHash' to 'SM3Calc_intermedieOg' due to the length limit 20
INFO: [RTGEN 206-100] Finished creating RTL model for 'SM3Calc'.
Command       create_rtl_model done; 0.121 sec.
INFO: [HLS 200-111]  Elapsed time: 1.073 seconds; current allocated memory: 116.823 MB.
Execute       source D:/vivado/sm3/hls_prj/SM3/SM3/solution1/.autopilot/db/SM3Calc.rtl_wrap.cfg.tcl 
Execute       gen_rtl SM3Calc -istop -style xilinx -tracefl mytrace -tracefmt vcd -traceopt all -f -lang sc -o D:/vivado/sm3/hls_prj/SM3/SM3/solution1/syn/systemc/SM3Calc -synmodules processmessageblock SM3Calc 
Execute       gen_rtl SM3Calc -istop -style xilinx -f -lang vhdl -o D:/vivado/sm3/hls_prj/SM3/SM3/solution1/syn/vhdl/SM3Calc 
Execute       gen_rtl SM3Calc -istop -style xilinx -f -lang vlog -o D:/vivado/sm3/hls_prj/SM3/SM3/solution1/syn/verilog/SM3Calc 
Execute       syn_report -csynth -model SM3Calc -o D:/vivado/sm3/hls_prj/SM3/SM3/solution1/syn/report/SM3Calc_csynth.rpt 
Execute       syn_report -rtlxml -model SM3Calc -o D:/vivado/sm3/hls_prj/SM3/SM3/solution1/syn/report/SM3Calc_csynth.xml 
Execute       syn_report -verbosereport -model SM3Calc -o D:/vivado/sm3/hls_prj/SM3/SM3/solution1/.autopilot/db/SM3Calc.verbose.rpt 
Command       syn_report done; 0.223 sec.
Execute       db_write -model SM3Calc -f -o D:/vivado/sm3/hls_prj/SM3/SM3/solution1/.autopilot/db/SM3Calc.adb 
Execute       gen_tb_info SM3Calc -p D:/vivado/sm3/hls_prj/SM3/SM3/solution1/.autopilot/db -o D:/vivado/sm3/hls_prj/SM3/SM3/solution1/.autopilot/db/SM3Calc 
Execute       export_constraint_db -f -tool general -o D:/vivado/sm3/hls_prj/SM3/SM3/solution1/.autopilot/db/SM3Calc.constraint.tcl 
Execute       syn_report -designview -model SM3Calc -o D:/vivado/sm3/hls_prj/SM3/SM3/solution1/.autopilot/db/SM3Calc.design.xml 
Command       syn_report done; 0.126 sec.
Execute       get_config_rtl -disable_wave_debug 
Execute       syn_report -wcfg -model SM3Calc -o D:/vivado/sm3/hls_prj/SM3/SM3/solution1/.autopilot/db/SM3Calc_dataflow_ana.wcfg 
Execute       syn_report -protoinst -model SM3Calc -o D:/vivado/sm3/hls_prj/SM3/SM3/solution1/.autopilot/db/SM3Calc.protoinst 
Execute       get_config_debug -directory 
Execute       sc_get_clocks SM3Calc 
Execute       get_config_export -vivado_clock 
Execute       sc_get_portdomain SM3Calc 
INFO-FLOW: Model list for RTL component generation: processmessageblock SM3Calc
INFO-FLOW: Handling components in module [processmessageblock] ... 
Execute       source D:/vivado/sm3/hls_prj/SM3/SM3/solution1/.autopilot/db/processmessageblock.compgen.tcl 
INFO-FLOW: Found component processmessageblobkb.
INFO-FLOW: Append model processmessageblobkb
INFO-FLOW: Found component processmessageblocud.
INFO-FLOW: Append model processmessageblocud
INFO-FLOW: Handling components in module [SM3Calc] ... 
Execute       source D:/vivado/sm3/hls_prj/SM3/SM3/solution1/.autopilot/db/SM3Calc.compgen.tcl 
INFO-FLOW: Found component SM3Calc_messageBldEe.
INFO-FLOW: Append model SM3Calc_messageBldEe
INFO-FLOW: Found component SM3Calc_intermedieOg.
INFO-FLOW: Append model SM3Calc_intermedieOg
INFO-FLOW: Append model processmessageblock
INFO-FLOW: Append model SM3Calc
INFO-FLOW: Generating RTL model list ...
INFO-FLOW: All models in this session: processmessageblobkb processmessageblocud SM3Calc_messageBldEe SM3Calc_intermedieOg processmessageblock SM3Calc
INFO-FLOW: To file: write model processmessageblobkb
INFO-FLOW: To file: write model processmessageblocud
INFO-FLOW: To file: write model SM3Calc_messageBldEe
INFO-FLOW: To file: write model SM3Calc_intermedieOg
INFO-FLOW: To file: write model processmessageblock
INFO-FLOW: To file: write model SM3Calc
INFO-FLOW: Finished generating RTL model list.


INFO-FLOW: RTL Generation done.
INFO-FLOW: CAS Generation done.
INFO-FLOW: CBC Generation done.
INFO-FLOW: DBG:CMD: auto_generate_csynth_design
INFO-FLOW: DBG:CMD:     auto_generate --sim-model -phase csynth_design -d D:/vivado/sm3/hls_prj/SM3/SM3/solution1
Execute       source D:/vivado/sm3/hls_prj/SM3/SM3/solution1/.autopilot/db/global.setting.tcl 
INFO-FLOW: DBG:CMD: read_platform_lib D:/vivado/sm3/hls_prj/SM3/SM3/solution1/.autopilot/db/global.setting.tcl
Execute       source C:/Xilinx/Vivado/2019.1/common/technology/generic/autopilot/common.gen 
Execute         source C:/Xilinx/Vivado/2019.1/common/technology/generic/autopilot/APCoreGen.gen 
Execute       source C:/Xilinx/Vivado/2019.1/common/technology/generic/autopilot/op.gen 
Execute       source C:/Xilinx/Vivado/2019.1/common/technology/generic/autopilot/op_simcore.gen 
Execute       source C:/Xilinx/Vivado/2019.1/common/technology/generic/autopilot/interface.gen 
Execute       source D:/vivado/sm3/hls_prj/SM3/SM3/solution1/.autopilot/db/global.setting.tcl 
Execute       source C:/Xilinx/Vivado/2019.1/common/technology/xilinx/virtex7/virtex7.gen 
Execute         source C:/Xilinx/Vivado/2019.1/common/technology/xilinx/common/xilinx.gen 
Execute           source C:/Xilinx/Vivado/2019.1/common/technology/xilinx/interface/plb46.gen 
Execute           source C:/Xilinx/Vivado/2019.1/common/technology/xilinx/interface/fsl.gen 
Execute           source C:/Xilinx/Vivado/2019.1/common/technology/xilinx/interface/axi4.gen 
Execute           source C:/Xilinx/Vivado/2019.1/common/technology/xilinx/interface/nativeAXI4.gen 
Execute             source C:/Xilinx/Vivado/2019.1/common/technology/xilinx/interface/saxilite.gen 
Execute             source C:/Xilinx/Vivado/2019.1/common/technology/xilinx/interface/maxi.gen 
Execute           source C:/Xilinx/Vivado/2019.1/common/technology/xilinx/scripts/xilinxcoregen.gen 
Execute           source C:/Xilinx/Vivado/2019.1/common/technology/xilinx/interface/XilEDKCoreGen.gen 
Execute           source C:/Xilinx/Vivado/2019.1/common/technology/xilinx/ip/dds_compiler.gen 
Execute           source C:/Xilinx/Vivado/2019.1/common/technology/xilinx/ip/util.gen 
Execute           source C:/Xilinx/Vivado/2019.1/common/technology/xilinx/ip/xfft.gen 
Command           ap_source done; 0.114 sec.
Execute           source C:/Xilinx/Vivado/2019.1/common/technology/xilinx/ip/xfir.gen 
Execute           source C:/Xilinx/Vivado/2019.1/common/technology/xilinx/common/dsp48.gen 
Command         ap_source done; 0.172 sec.
Command       ap_source done; 0.173 sec.
Execute       source C:/Xilinx/Vivado/2019.1/common/technology/xilinx/virtex7/virtex7_fpv6.gen 
Execute         source C:/Xilinx/Vivado/2019.1/common/technology/xilinx/common/xilinx_fp.gen 
INFO-FLOW: DBG:CMD:   using AESL_AUTOCG::g_clock_period=10.000 (was NA)
INFO-FLOW: DBG:CMD:       generate_ip_cores sim=1 export=0 expOnly=0 dstVlogDir=syn/verilog
Execute       source D:/vivado/sm3/hls_prj/SM3/SM3/solution1/.autopilot/db/global.setting.tcl 
Execute       ap_part_info -name xc7vx980t-ffg1930-2 -data names -quiet 
Execute       ap_part_info -name xc7vx980t-ffg1930-2 -data info -quiet 
Execute       source D:/vivado/sm3/hls_prj/SM3/SM3/solution1/.autopilot/db/global.setting.tcl 
Execute       source D:/vivado/sm3/hls_prj/SM3/SM3/solution1/.autopilot/db/global.setting.tcl 
Execute       source D:/vivado/sm3/hls_prj/SM3/SM3/solution1/.autopilot/db/processmessageblock.compgen.tcl 
INFO: [RTMG 210-278] Implementing memory 'processmessageblobkb_ram (RAM)' using block RAMs.
Execute         ap_part_info -name xc7vx980t-ffg1930-2 -data names -quiet 
Execute         ap_part_info -name xc7vx980t-ffg1930-2 -data info -quiet 
INFO: [RTMG 210-278] Implementing memory 'processmessageblocud_ram (RAM)' using block RAMs.
Execute         ap_part_info -name xc7vx980t-ffg1930-2 -data names -quiet 
Execute         ap_part_info -name xc7vx980t-ffg1930-2 -data info -quiet 
Execute       source D:/vivado/sm3/hls_prj/SM3/SM3/solution1/.autopilot/db/SM3Calc.compgen.tcl 
INFO: [RTMG 210-278] Implementing memory 'SM3Calc_messageBldEe_ram (RAM)' using distributed RAMs.
Execute         ap_part_info -name xc7vx980t-ffg1930-2 -data names -quiet 
Execute         ap_part_info -name xc7vx980t-ffg1930-2 -data info -quiet 
INFO: [RTMG 210-278] Implementing memory 'SM3Calc_intermedieOg_ram (RAM)' using block RAMs.
Execute         ap_part_info -name xc7vx980t-ffg1930-2 -data names -quiet 
Execute         ap_part_info -name xc7vx980t-ffg1930-2 -data info -quiet 
INFO-FLOW: DBG:CMD:     auto_generate -export -impltomg_flag -rtl both -tool Vivado -pcore_version 1.00.a -phase csynth_design -d D:/vivado/sm3/hls_prj/SM3/SM3/solution1
Execute       source D:/vivado/sm3/hls_prj/SM3/SM3/solution1/.autopilot/db/global.setting.tcl 
INFO-FLOW: DBG:CMD: read_platform_lib D:/vivado/sm3/hls_prj/SM3/SM3/solution1/.autopilot/db/global.setting.tcl
Execute       source C:/Xilinx/Vivado/2019.1/common/technology/generic/autopilot/common.gen 
Execute         source C:/Xilinx/Vivado/2019.1/common/technology/generic/autopilot/APCoreGen.gen 
Execute       source C:/Xilinx/Vivado/2019.1/common/technology/generic/autopilot/op.gen 
Execute       source C:/Xilinx/Vivado/2019.1/common/technology/generic/autopilot/op_simcore.gen 
Execute       source C:/Xilinx/Vivado/2019.1/common/technology/generic/autopilot/interface.gen 
Execute       source D:/vivado/sm3/hls_prj/SM3/SM3/solution1/.autopilot/db/global.setting.tcl 
Execute       source C:/Xilinx/Vivado/2019.1/common/technology/xilinx/virtex7/virtex7.gen 
Execute         source C:/Xilinx/Vivado/2019.1/common/technology/xilinx/common/xilinx.gen 
Execute           source C:/Xilinx/Vivado/2019.1/common/technology/xilinx/interface/plb46.gen 
Execute           source C:/Xilinx/Vivado/2019.1/common/technology/xilinx/interface/fsl.gen 
Execute           source C:/Xilinx/Vivado/2019.1/common/technology/xilinx/interface/axi4.gen 
Execute           source C:/Xilinx/Vivado/2019.1/common/technology/xilinx/interface/nativeAXI4.gen 
Execute             source C:/Xilinx/Vivado/2019.1/common/technology/xilinx/interface/saxilite.gen 
Execute             source C:/Xilinx/Vivado/2019.1/common/technology/xilinx/interface/maxi.gen 
Execute           source C:/Xilinx/Vivado/2019.1/common/technology/xilinx/scripts/xilinxcoregen.gen 
Execute           source C:/Xilinx/Vivado/2019.1/common/technology/xilinx/interface/XilEDKCoreGen.gen 
Execute           source C:/Xilinx/Vivado/2019.1/common/technology/xilinx/ip/dds_compiler.gen 
Execute           source C:/Xilinx/Vivado/2019.1/common/technology/xilinx/ip/util.gen 
Execute           source C:/Xilinx/Vivado/2019.1/common/technology/xilinx/ip/xfft.gen 
Command           ap_source done; 0.131 sec.
Execute           source C:/Xilinx/Vivado/2019.1/common/technology/xilinx/ip/xfir.gen 
Execute           source C:/Xilinx/Vivado/2019.1/common/technology/xilinx/common/dsp48.gen 
Command         ap_source done; 0.19 sec.
Command       ap_source done; 0.191 sec.
Execute       source C:/Xilinx/Vivado/2019.1/common/technology/xilinx/virtex7/virtex7_fpv6.gen 
Execute         source C:/Xilinx/Vivado/2019.1/common/technology/xilinx/common/xilinx_fp.gen 
INFO-FLOW: DBG:CMD:       initCTypeInfo top_module=SM3Calc xml_exists=0
Execute       source D:/vivado/sm3/hls_prj/SM3/SM3/solution1/.autopilot/db/SM3Calc.rtl_wrap.cfg.tcl 
Execute       source D:/vivado/sm3/hls_prj/SM3/SM3/solution1/.autopilot/db/SM3Calc.rtl_wrap.cfg.tcl 
Execute       source D:/vivado/sm3/hls_prj/SM3/SM3/solution1/.autopilot/db/SM3Calc.rtl_wrap.cfg.tcl 
Execute       source D:/vivado/sm3/hls_prj/SM3/SM3/solution1/.autopilot/db/SM3Calc.tbgen.tcl 
Execute       source D:/vivado/sm3/hls_prj/SM3/SM3/solution1/.autopilot/db/SM3Calc.tbgen.tcl 
INFO-FLOW: DBG:CMD:       export_impl_rtl
INFO-FLOW: DBG:CMD:       generate_ip_cores sim=0 export=0 expOnly=0 dstVlogDir=impl/.verilog
Execute       source D:/vivado/sm3/hls_prj/SM3/SM3/solution1/.autopilot/db/global.setting.tcl 
Execute       source D:/vivado/sm3/hls_prj/SM3/SM3/solution1/.autopilot/db/processmessageblock.compgen.tcl 
Execute       source D:/vivado/sm3/hls_prj/SM3/SM3/solution1/.autopilot/db/SM3Calc.compgen.tcl 
INFO-FLOW: DBG:CMD:       generate_ip_cores sim=0 export=1 expOnly=1 dstVlogDir=impl/.pcores/verilog
Execute       source D:/vivado/sm3/hls_prj/SM3/SM3/solution1/.autopilot/db/global.setting.tcl 
Execute       source D:/vivado/sm3/hls_prj/SM3/SM3/solution1/.autopilot/db/processmessageblock.compgen.tcl 
Execute       source D:/vivado/sm3/hls_prj/SM3/SM3/solution1/.autopilot/db/SM3Calc.compgen.tcl 
Execute         ap_part_info -name xc7vx980t-ffg1930-2 -data names -quiet 
Execute         ap_part_info -name xc7vx980t-ffg1930-2 -data info -quiet 
Execute         ap_part_info -name xc7vx980t-ffg1930-2 -data names -quiet 
Execute         ap_part_info -name xc7vx980t-ffg1930-2 -data info -quiet 
Execute         source D:/vivado/sm3/hls_prj/SM3/SM3/solution1/.autopilot/db/SM3Calc.tbgen.tcl 
Execute         source D:/vivado/sm3/hls_prj/SM3/SM3/solution1/.autopilot/db/SM3Calc.tbgen.tcl 
Execute         ap_part_info -name xc7vx980t-ffg1930-2 -data names -quiet 
Execute         ap_part_info -name xc7vx980t-ffg1930-2 -data info -quiet 
Execute         ap_part_info -name xc7vx980t-ffg1930-2 -data names -quiet 
Execute         ap_part_info -name xc7vx980t-ffg1930-2 -data info -quiet 
Execute         ap_part_info -name xc7vx980t-ffg1930-2 -data names -quiet 
Execute         ap_part_info -name xc7vx980t-ffg1930-2 -data info -quiet 
Execute         ap_part_info -name xc7vx980t-ffg1930-2 -data names -quiet 
Execute         ap_part_info -name xc7vx980t-ffg1930-2 -data info -quiet 
Execute         ap_part_info -name xc7vx980t-ffg1930-2 -data names -quiet 
Execute         ap_part_info -name xc7vx980t-ffg1930-2 -data info -quiet 
Execute         ap_part_info -name xc7vx980t-ffg1930-2 -data names -quiet 
Execute         ap_part_info -name xc7vx980t-ffg1930-2 -data info -quiet 
Execute       ap_part_info -name xc7vx980t-ffg1930-2 -data names -quiet 
Execute       ap_part_info -name xc7vx980t-ffg1930-2 -data info -quiet 
INFO-FLOW: DBG:CMD:       generate_ip_cores sim=0 export=0 expOnly=0 dstVlogDir=impl/.pcores/verilog_sim
Execute       source D:/vivado/sm3/hls_prj/SM3/SM3/solution1/.autopilot/db/global.setting.tcl 
Execute       source D:/vivado/sm3/hls_prj/SM3/SM3/solution1/.autopilot/db/processmessageblock.compgen.tcl 
Execute       source D:/vivado/sm3/hls_prj/SM3/SM3/solution1/.autopilot/db/SM3Calc.compgen.tcl 
Execute       ap_part_info -name xc7vx980t-ffg1930-2 -data names -quiet 
Execute       ap_part_info -name xc7vx980t-ffg1930-2 -data info -quiet 
Execute       ap_part_info -name xc7vx980t-ffg1930-2 -data names -quiet 
Execute       ap_part_info -name xc7vx980t-ffg1930-2 -data info -quiet 
Execute       source D:/vivado/sm3/hls_prj/SM3/SM3/solution1/.autopilot/db/global.setting.tcl 
Execute       ap_part_info -name xc7vx980t-ffg1930-2 -data names -quiet 
Execute       ap_part_info -name xc7vx980t-ffg1930-2 -data info -quiet 
Execute       source D:/vivado/sm3/hls_prj/SM3/SM3/solution1/.autopilot/db/SM3Calc.constraint.tcl 
Execute       source D:/vivado/sm3/hls_prj/SM3/SM3/solution1/.autopilot/db/SM3Calc.tbgen.tcl 
INFO-FLOW: DBG:CMD:       hasPcoreIpAdapter=false #gSsdmPorts=8
INFO-FLOW: DBG:CMD: Skipping loadAnalyze_DB, #g_database=3
INFO-FLOW: DBG:CMD:       generate_json is_phase_csynth=1 g_has_adaptors=false generate_bd_files=0 #modelList=6 #gSsdmPorts=8
Execute       source C:/Xilinx/Vivado/2019.1/tps/tcl/tcllib1.11.1/fileutil/fileutil.tcl 
Execute       source D:/vivado/sm3/hls_prj/SM3/SM3/solution1/.autopilot/db/global.setting.tcl 
Execute       source D:/vivado/sm3/hls_prj/SM3/SM3/solution1/.autopilot/db/global.setting.tcl 
Execute       get_config_export -xo 
Execute       source D:/vivado/sm3/hls_prj/SM3/SM3/solution1/.autopilot/db/SM3Calc.tbgen.tcl 
Execute       source D:/vivado/sm3/hls_prj/SM3/SM3/solution1/.autopilot/db/SM3Calc.tbgen.tcl 
Execute       source D:/vivado/sm3/hls_prj/SM3/SM3/solution1/.autopilot/db/SM3Calc.tbgen.tcl 
Execute       source D:/vivado/sm3/hls_prj/SM3/SM3/solution1/.autopilot/db/global.setting.tcl 
Execute       get_config_sdx -target 
Execute       source D:/vivado/sm3/hls_prj/SM3/SM3/solution1/.autopilot/db/SM3Calc.rtl_wrap.cfg.tcl 
Execute       source D:/vivado/sm3/hls_prj/SM3/SM3/solution1/.autopilot/db/SM3Calc.compgen.dataonly.tcl 
Execute       source D:/vivado/sm3/hls_prj/SM3/SM3/solution1/.autopilot/db/global.setting.tcl 
Execute       ap_part_info -name xc7vx980t-ffg1930-2 -data names -quiet 
Execute       ap_part_info -name xc7vx980t-ffg1930-2 -data info -quiet 
Execute       source D:/vivado/sm3/hls_prj/SM3/SM3/solution1/.autopilot/db/SM3Calc.constraint.tcl 
Execute       sc_get_clocks SM3Calc 
Execute       ap_part_info -name xc7vx980t-ffg1930-2 -data names -quiet 
Execute       ap_part_info -name xc7vx980t-ffg1930-2 -data info -quiet 
Execute       source D:/vivado/sm3/hls_prj/SM3/SM3/solution1/.autopilot/db/global.setting.tcl 
Execute       get_config_debug -directory 
Execute       source D:/vivado/sm3/hls_prj/SM3/SM3/solution1/.autopilot/db/processmessageblock.tbgen.tcl 
Execute       source D:/vivado/sm3/hls_prj/SM3/SM3/solution1/.autopilot/db/SM3Calc.tbgen.tcl 
Execute       get_config_sdx -target 
Execute       get_config_sdx -profile 
Execute       get_config_rtl -kernel_profile 
Execute       get_config_rtl -stall_sig_gen 
Execute       get_config_rtl -profile 
INFO-FLOW: DBG:CMD: add_json_sdx_info kernel file does not exist, skipping opencl info: D:/vivado/sm3/hls_prj/SM3/SM3/solution1/.autopilot/db/kernel.internal.xml
INFO-FLOW: DBG:CMD:       delete-temp-dirs (skipped for debug)
INFO: [HLS 200-111] Finished generating all RTL models Time (s): cpu = 00:00:05 ; elapsed = 00:00:23 . Memory (MB): peak = 188.828 ; gain = 97.184
INFO: [VHDL 208-304] Generating VHDL RTL for SM3Calc.
INFO: [VLOG 209-307] Generating Verilog RTL for SM3Calc.
Command     autosyn done; 4.754 sec.
Command   csynth_design done; 19.101 sec.
Command ap_source done; 21.697 sec.
Execute cleanup_all 
INFO-FLOW: Workspace D:/vivado/sm3/hls_prj/SM3/SM3/solution1 opened at Sat Mar 13 22:44:21 +0800 2021
Execute     config_clock -quiet -name default -period 10 -default=false 
INFO: [SYN 201-201] Setting up clock 'default' with a period of 10ns.
Execute     open_platform DefaultPlatform 
Execute     import_lib C:/Xilinx/Vivado/2019.1/common/technology/xilinx/virtex7/virtex7 
Execute       source C:/Xilinx/Vivado/2019.1/common/technology/xilinx/common/xilinx.lib 
Execute         source C:/Xilinx/Vivado/2019.1/common/technology/xilinx/interface/xilinx_interface.lib 
Execute           source C:/Xilinx/Vivado/2019.1/common/technology/xilinx/interface/plb46.lib 
Execute           source C:/Xilinx/Vivado/2019.1/common/technology/xilinx/interface/fsl.lib 
Execute           source C:/Xilinx/Vivado/2019.1/common/technology/xilinx/interface/axi4.lib 
Execute           source C:/Xilinx/Vivado/2019.1/common/technology/xilinx/interface/maxi.lib 
Execute           source C:/Xilinx/Vivado/2019.1/common/technology/xilinx/interface/saxilite.lib 
Execute         source C:/Xilinx/Vivado/2019.1/common/technology/xilinx/common/dsp48.lib 
Execute         source C:/Xilinx/Vivado/2019.1/common/technology/xilinx/ip/dds_compiler.lib 
Execute         source C:/Xilinx/Vivado/2019.1/common/technology/xilinx/ip/xfft.lib 
Execute         source C:/Xilinx/Vivado/2019.1/common/technology/xilinx/ip/xfir.lib 
Execute       source C:/Xilinx/Vivado/2019.1/common/technology/xilinx/common/xilinx.hlp 
Execute         source C:/Xilinx/Vivado/2019.1/common/technology/xilinx/common/target_info.tcl 
Execute         source C:/Xilinx/Vivado/2019.1/common/technology/xilinx/interface/xilinx_interface.hlp 
Execute           source C:/Xilinx/Vivado/2019.1/common/technology/xilinx/interface/maxi.hlp 
Execute           source C:/Xilinx/Vivado/2019.1/common/technology/xilinx/interface/saxilite.hlp 
Execute         source C:/Xilinx/Vivado/2019.1/common/technology/xilinx/common/dsp48.hlp 
Execute       source C:/Xilinx/Vivado/2019.1/common/technology/xilinx/virtex7/dsp48e1.hlp 
Execute       source C:/Xilinx/Vivado/2019.1/common/technology/xilinx/common/xilinx.hlp 
Execute         source C:/Xilinx/Vivado/2019.1/common/technology/xilinx/common/target_info.tcl 
Execute         source C:/Xilinx/Vivado/2019.1/common/technology/xilinx/interface/xilinx_interface.hlp 
Execute           source C:/Xilinx/Vivado/2019.1/common/technology/xilinx/interface/maxi.hlp 
Execute           source C:/Xilinx/Vivado/2019.1/common/technology/xilinx/interface/saxilite.hlp 
Execute         source C:/Xilinx/Vivado/2019.1/common/technology/xilinx/common/dsp48.hlp 
Execute     source C:/Xilinx/Vivado/2019.1/common/technology/xilinx/virtex7/virtex7.gen 
Execute       source C:/Xilinx/Vivado/2019.1/common/technology/xilinx/common/xilinx.gen 
Execute         source C:/Xilinx/Vivado/2019.1/common/technology/xilinx/interface/plb46.gen 
Execute         source C:/Xilinx/Vivado/2019.1/common/technology/xilinx/interface/fsl.gen 
Execute         source C:/Xilinx/Vivado/2019.1/common/technology/xilinx/interface/axi4.gen 
Execute         source C:/Xilinx/Vivado/2019.1/common/technology/xilinx/interface/nativeAXI4.gen 
Execute           source C:/Xilinx/Vivado/2019.1/common/technology/xilinx/interface/saxilite.gen 
Execute           source C:/Xilinx/Vivado/2019.1/common/technology/xilinx/interface/maxi.gen 
Execute         source C:/Xilinx/Vivado/2019.1/common/technology/xilinx/scripts/xilinxcoregen.gen 
Execute         source C:/Xilinx/Vivado/2019.1/common/technology/xilinx/interface/XilEDKCoreGen.gen 
Execute         source C:/Xilinx/Vivado/2019.1/common/technology/xilinx/ip/dds_compiler.gen 
Execute         source C:/Xilinx/Vivado/2019.1/common/technology/xilinx/ip/util.gen 
Execute         source C:/Xilinx/Vivado/2019.1/common/technology/xilinx/ip/xfft.gen 
Command         ap_source done; 0.104 sec.
Execute         source C:/Xilinx/Vivado/2019.1/common/technology/xilinx/ip/xfir.gen 
Execute         source C:/Xilinx/Vivado/2019.1/common/technology/xilinx/common/dsp48.gen 
Command       ap_source done; 0.162 sec.
Command     ap_source done; 0.163 sec.
Execute     open_platform DefaultPlatform 
Execute     import_lib C:/Xilinx/Vivado/2019.1/common/technology/xilinx/virtex7/virtex7_fpv6 
Execute       source C:/Xilinx/Vivado/2019.1/common/technology/xilinx/common/xilinx_fp.lib 
Execute       source C:/Xilinx/Vivado/2019.1/common/technology/xilinx/common/xilinx_fp.hlp 
Execute         source C:/Xilinx/Vivado/2019.1/common/technology/xilinx/common/xilinx.hlp 
Execute           source C:/Xilinx/Vivado/2019.1/common/technology/xilinx/common/target_info.tcl 
Execute           source C:/Xilinx/Vivado/2019.1/common/technology/xilinx/interface/xilinx_interface.hlp 
Execute             source C:/Xilinx/Vivado/2019.1/common/technology/xilinx/interface/maxi.hlp 
Execute             source C:/Xilinx/Vivado/2019.1/common/technology/xilinx/interface/saxilite.hlp 
Execute           source C:/Xilinx/Vivado/2019.1/common/technology/xilinx/common/dsp48.hlp 
Execute     source C:/Xilinx/Vivado/2019.1/common/technology/xilinx/virtex7/virtex7_fpv6.gen 
Execute       source C:/Xilinx/Vivado/2019.1/common/technology/xilinx/common/xilinx_fp.gen 
Execute     set_part xc7vx980t-ffg1930-2 
Execute       ap_part_info -name xc7vx980t-ffg1930-2 -data single -quiet 
Command       ap_part_info done; 1.97 sec.
Execute       ap_part_info -name xc7vx980t-ffg1930-2 -data info 
Execute       add_library xilinx/virtex7/virtex7:xc7vx980t:-ffg1930:-2 
Execute         get_default_platform 
Execute         license_isbetapart xc7vx980t 
Command         license_isbetapart done; error code: 1; 
Execute         ap_part_info -data single -name xc7vx980t-ffg1930-2 
Execute         ap_part_info -name xc7vx980t-ffg1930-2 -data resources 
Execute         ap_part_info -name xc7vx980t-ffg1930-2 -data info 
Execute         ap_part_info -name xc7vx980t-ffg1930-2 -data info 
Execute         config_chip_info -quiet -resource {SLICE 153000} {LUT 612000} {FF 1224000} {DSP48E 3600} {BRAM 3000} {URAM 0} 
Execute         ap_part_info -name xc7vx980t-ffg1930-2 -data info 
Execute         config_chip_info -quiet -speed medium 
Execute       add_library xilinx/virtex7/virtex7_fpv6 
Execute         get_default_platform 
INFO: [HLS 200-10] Setting target device to 'xc7vx980t-ffg1930-2'
Execute       ap_part_info -name xc7vx980t-ffg1930-2 -data info 
Execute       get_default_platform 
Command     set_part done; 2.111 sec.
Execute     ap_part_info -data single -name xc7vx980t-ffg1930-2 
Execute     ap_part_info -name xc7vx980t-ffg1930-2 -data resources 
Execute     ap_part_info -name xc7vx980t-ffg1930-2 -data info 
Execute     ap_part_info -name xc7vx980t-ffg1930-2 -data info 
Execute     config_chip_info -quiet -resource {SLICE 153000} {LUT 612000} {FF 1224000} {DSP48E 3600} {BRAM 3000} {URAM 0} 
Execute     ap_part_info -name xc7vx980t-ffg1930-2 -data info 
Execute     config_chip_info -quiet -speed medium 
Command   open_solution done; 2.365 sec.
Execute   cosim_design -trace_level all -tool modelsim 
Execute     source D:/vivado/sm3/hls_prj/SM3/SM3/solution1/.autopilot/db/global.setting.tcl 
Execute     source D:/vivado/sm3/hls_prj/SM3/SM3/solution1/.autopilot/db/global.setting.tcl 
Execute     source D:/vivado/sm3/hls_prj/SM3/SM3/solution1/.autopilot/db/global.setting.tcl 
INFO-FLOW: DBG:CMD: read_platform_lib D:/vivado/sm3/hls_prj/SM3/SM3/solution1/.autopilot/db/global.setting.tcl
Execute     source C:/Xilinx/Vivado/2019.1/common/technology/generic/autopilot/common.gen 
Execute       source C:/Xilinx/Vivado/2019.1/common/technology/generic/autopilot/APCoreGen.gen 
Execute     source C:/Xilinx/Vivado/2019.1/common/technology/generic/autopilot/op.gen 
Execute     source C:/Xilinx/Vivado/2019.1/common/technology/generic/autopilot/op_simcore.gen 
Execute     source C:/Xilinx/Vivado/2019.1/common/technology/generic/autopilot/interface.gen 
Execute     source D:/vivado/sm3/hls_prj/SM3/SM3/solution1/.autopilot/db/global.setting.tcl 
Execute     source C:/Xilinx/Vivado/2019.1/common/technology/xilinx/virtex7/virtex7.gen 
Execute       source C:/Xilinx/Vivado/2019.1/common/technology/xilinx/common/xilinx.gen 
Execute         source C:/Xilinx/Vivado/2019.1/common/technology/xilinx/interface/plb46.gen 
Execute         source C:/Xilinx/Vivado/2019.1/common/technology/xilinx/interface/fsl.gen 
Execute         source C:/Xilinx/Vivado/2019.1/common/technology/xilinx/interface/axi4.gen 
Execute         source C:/Xilinx/Vivado/2019.1/common/technology/xilinx/interface/nativeAXI4.gen 
Execute           source C:/Xilinx/Vivado/2019.1/common/technology/xilinx/interface/saxilite.gen 
Execute           source C:/Xilinx/Vivado/2019.1/common/technology/xilinx/interface/maxi.gen 
Execute         source C:/Xilinx/Vivado/2019.1/common/technology/xilinx/scripts/xilinxcoregen.gen 
Execute         source C:/Xilinx/Vivado/2019.1/common/technology/xilinx/interface/XilEDKCoreGen.gen 
Execute         source C:/Xilinx/Vivado/2019.1/common/technology/xilinx/ip/dds_compiler.gen 
Execute         source C:/Xilinx/Vivado/2019.1/common/technology/xilinx/ip/util.gen 
Execute         source C:/Xilinx/Vivado/2019.1/common/technology/xilinx/ip/xfft.gen 
Command         ap_source done; 0.102 sec.
Execute         source C:/Xilinx/Vivado/2019.1/common/technology/xilinx/ip/xfir.gen 
Execute         source C:/Xilinx/Vivado/2019.1/common/technology/xilinx/common/dsp48.gen 
Command       ap_source done; 0.157 sec.
Command     ap_source done; 0.158 sec.
Execute     source C:/Xilinx/Vivado/2019.1/common/technology/xilinx/virtex7/virtex7_fpv6.gen 
Execute       source C:/Xilinx/Vivado/2019.1/common/technology/xilinx/common/xilinx_fp.gen 
INFO-FLOW: DBG:CMD:   using AESL_AUTOCG::g_clock_period=10.000 (was NA)
Execute     ap_part_info -name xc7vx980t-ffg1930-2 -data names -quiet 
Execute     ap_part_info -name xc7vx980t-ffg1930-2 -data info -quiet 
Execute     source D:/vivado/sm3/hls_prj/SM3/SM3/solution1/.autopilot/db/global.setting.tcl 
Execute     source D:/vivado/sm3/hls_prj/SM3/SM3/solution1/.autopilot/db/SM3Calc.rtl_wrap.cfg.tcl 
Execute     source D:/vivado/sm3/hls_prj/SM3/SM3/solution1/.autopilot/db/SM3Calc.tbgen.tcl 
Execute     is_encrypted D:/vivado/sm3/hls_prj/SM3/SM3/test/test_SM3.c 
Execute     is_encrypted D:/vivado/sm3/hls_prj/SM3/SM3/src/SM3.h 
Execute     is_encrypted D:/vivado/sm3/hls_prj/SM3/SM3/src/SM3.c 
Execute     source D:/vivado/sm3/hls_prj/SM3/SM3/solution1/.autopilot/db/SM3Calc.tbgen.tcl 
Execute     source D:/vivado/sm3/hls_prj/SM3/SM3/solution1/.autopilot/db/SM3Calc.tbgen.tcl 
INFO: [COSIM 212-47] Using Modelsim for RTL simulation.
INFO: [COSIM 212-14] Instrumenting C test bench ...
Execute     ap_part_info -name xc7vx980t-ffg1930-2 -data info 
INFO-FLOW: TB processing: D:/vivado/sm3/hls_prj/SM3/SM3/test/test_SM3.c D:/vivado/sm3/hls_prj/SM3/SM3/solution1/./sim/autowrap/testbench/test_SM3.c_pre.c
Execute     tidy_31 xilinx-tb-xfmat D:/vivado/sm3/hls_prj/SM3/SM3/solution1/./sim/autowrap/testbench/test_SM3.c_pre.c std=gnu89 
INFO-FLOW: exec C:/Xilinx/Vivado/2019.1/win64/tools/clang-3.9-csynth/bin/tidy-3.1 -header-filter=.* -checks=-*,xilinx-tb-xfmat -quiet -fix-errors D:/vivado/sm3/hls_prj/SM3/SM3/solution1/./sim/autowrap/testbench/test_SM3.c_pre.c -- -std=gnu89 -fhls -ferror-limit=0
Command     tidy_31 done; 0.213 sec.
Execute     tidy_31 xilinx-tb31-process D:/vivado/sm3/hls_prj/SM3/SM3/solution1/./sim/autowrap/testbench/test_SM3.c_pre.c.tb.c std=gnu89 
INFO-FLOW: exec C:/Xilinx/Vivado/2019.1/win64/tools/clang-3.9-csynth/bin/tidy-3.1 -header-filter=.* -checks=-*,xilinx-tb31-process -quiet -fix-errors D:/vivado/sm3/hls_prj/SM3/SM3/solution1/./sim/autowrap/testbench/test_SM3.c_pre.c.tb.c -- -std=gnu89 -fhls -ferror-limit=0
Command     tidy_31 done; 0.328 sec.
Execute     ap_part_info -name xc7vx980t-ffg1930-2 -data info 
INFO-FLOW: TB processing: D:/vivado/sm3/hls_prj/SM3/SM3/src/SM3.c D:/vivado/sm3/hls_prj/SM3/SM3/solution1/./sim/autowrap/testbench/SM3.c_pre.c
Execute     tidy_31 xilinx-tb-xfmat D:/vivado/sm3/hls_prj/SM3/SM3/solution1/./sim/autowrap/testbench/SM3.c_pre.c std=gnu89 
INFO-FLOW: exec C:/Xilinx/Vivado/2019.1/win64/tools/clang-3.9-csynth/bin/tidy-3.1 -header-filter=.* -checks=-*,xilinx-tb-xfmat -quiet -fix-errors D:/vivado/sm3/hls_prj/SM3/SM3/solution1/./sim/autowrap/testbench/SM3.c_pre.c -- -std=gnu89 -fhls -ferror-limit=0
Command     tidy_31 done; 0.198 sec.
Execute     tidy_31 xilinx-tb31-process D:/vivado/sm3/hls_prj/SM3/SM3/solution1/./sim/autowrap/testbench/SM3.c_pre.c.tb.c std=gnu89 
INFO-FLOW: exec C:/Xilinx/Vivado/2019.1/win64/tools/clang-3.9-csynth/bin/tidy-3.1 -header-filter=.* -checks=-*,xilinx-tb31-process -quiet -fix-errors D:/vivado/sm3/hls_prj/SM3/SM3/solution1/./sim/autowrap/testbench/SM3.c_pre.c.tb.c -- -std=gnu89 -fhls -ferror-limit=0
Command     tidy_31 done; 0.213 sec.
Execute     source D:/vivado/sm3/hls_prj/SM3/SM3/solution1/.autopilot/db/global.setting.tcl 
Execute     source D:/vivado/sm3/hls_prj/SM3/SM3/solution1/.autopilot/db/SM3Calc.rtl_wrap.cfg.tcl 
Execute     source D:/vivado/sm3/hls_prj/SM3/SM3/solution1/.autopilot/db/SM3Calc.rtl_wrap.cfg.tcl 
Execute     source D:/vivado/sm3/hls_prj/SM3/SM3/solution1/.autopilot/db/SM3Calc.rtl_wrap.cfg.tcl 
Execute     source D:/vivado/sm3/hls_prj/SM3/SM3/solution1/.autopilot/db/SM3Calc.tbgen.tcl 
Execute     source D:/vivado/sm3/hls_prj/SM3/SM3/solution1/.autopilot/db/SM3Calc.tbgen.tcl 
Execute     ap_part_info -name xc7vx980t-ffg1930-2 -data info 
Execute     source D:/vivado/sm3/hls_prj/SM3/SM3/solution1/.autopilot/db/SM3Calc.rtl_wrap.cfg.tcl 
Execute     source .run_sim.tcl 
INFO: [COSIM 212-302] Starting C TB testing ... 
Command     ap_source done; 3.814 sec.
INFO: [COSIM 212-333] Generating C post check test bench ...
Execute     ap_part_info -name xc7vx980t-ffg1930-2 -data info 
Execute     source D:/vivado/sm3/hls_prj/SM3/SM3/solution1/.autopilot/db/SM3Calc.rtl_wrap.cfg.tcl 
INFO: [COSIM 212-12] Generating RTL test bench ...
Execute     source D:/vivado/sm3/hls_prj/SM3/SM3/solution1/.autopilot/db/SM3Calc.tbgen.tcl 
Execute     source D:/vivado/sm3/hls_prj/SM3/SM3/solution1/.autopilot/db/SM3Calc.tbgen.tcl 
Execute     source D:/vivado/sm3/hls_prj/SM3/SM3/solution1/.autopilot/db/SM3Calc.tbgen.tcl 
Execute     source D:/vivado/sm3/hls_prj/SM3/SM3/solution1/.autopilot/db/SM3Calc.tbgen.tcl 
Execute     source ../tv/cdatafile/ref.tcl 
Execute     source D:/vivado/sm3/hls_prj/SM3/SM3/solution1/.autopilot/db/SM3Calc.tbgen.tcl 
Execute     source D:/vivado/sm3/hls_prj/SM3/SM3/solution1/.autopilot/db/SM3Calc.tbgen.tcl 
Execute     source D:/vivado/sm3/hls_prj/SM3/SM3/solution1/.autopilot/db/SM3Calc.tbgen.tcl 
Execute     source D:/vivado/sm3/hls_prj/SM3/SM3/solution1/.autopilot/db/SM3Calc.tbgen.tcl 
Execute     source D:/vivado/sm3/hls_prj/SM3/SM3/solution1/.autopilot/db/SM3Calc.tbgen.tcl 
Execute     source D:/vivado/sm3/hls_prj/SM3/SM3/solution1/.autopilot/db/SM3Calc.tbgen.tcl 
Execute     source D:/vivado/sm3/hls_prj/SM3/SM3/solution1/.autopilot/db/SM3Calc.tbgen.tcl 
Execute     source D:/vivado/sm3/hls_prj/SM3/SM3/solution1/.autopilot/db/SM3Calc.tbgen.tcl 
Execute     source D:/vivado/sm3/hls_prj/SM3/SM3/solution1/.autopilot/db/SM3Calc.tbgen.tcl 
Execute     source D:/vivado/sm3/hls_prj/SM3/SM3/solution1/.autopilot/db/SM3Calc.tbgen.tcl 
Execute     source D:/vivado/sm3/hls_prj/SM3/SM3/solution1/.autopilot/db/SM3Calc.tbgen.tcl 
Execute     source D:/vivado/sm3/hls_prj/SM3/SM3/solution1/.autopilot/db/SM3Calc.tbgen.tcl 
Execute     source D:/vivado/sm3/hls_prj/SM3/SM3/solution1/.autopilot/db/SM3Calc.tbgen.tcl 
Execute     source D:/vivado/sm3/hls_prj/SM3/SM3/solution1/.autopilot/db/SM3Calc.tbgen.tcl 
Execute     source D:/vivado/sm3/hls_prj/SM3/SM3/solution1/.autopilot/db/SM3Calc.tbgen.tcl 
Execute     source D:/vivado/sm3/hls_prj/SM3/SM3/solution1/.autopilot/db/SM3Calc.tbgen.tcl 
Execute     source ../tv/cdatafile/ref.tcl 
Execute     source D:/vivado/sm3/hls_prj/SM3/SM3/solution1/.autopilot/db/SM3Calc.tbgen.tcl 
Execute     source D:/vivado/sm3/hls_prj/SM3/SM3/solution1/.autopilot/db/SM3Calc.tbgen.tcl 
Execute     source D:/vivado/sm3/hls_prj/SM3/SM3/solution1/.autopilot/db/SM3Calc.tbgen.tcl 
Execute     source D:/vivado/sm3/hls_prj/SM3/SM3/solution1/.autopilot/db/SM3Calc.tbgen.tcl 
Execute     source D:/vivado/sm3/hls_prj/SM3/SM3/solution1/.autopilot/db/SM3Calc.tbgen.tcl 
Execute     source D:/vivado/sm3/hls_prj/SM3/SM3/solution1/.autopilot/db/SM3Calc.tbgen.tcl 
Execute     source D:/vivado/sm3/hls_prj/SM3/SM3/solution1/.autopilot/db/SM3Calc.tbgen.tcl 
Execute     source D:/vivado/sm3/hls_prj/SM3/SM3/solution1/.autopilot/db/SM3Calc.tbgen.tcl 
Execute     source D:/vivado/sm3/hls_prj/SM3/SM3/solution1/.autopilot/db/SM3Calc.tbgen.tcl 
Execute     source D:/vivado/sm3/hls_prj/SM3/SM3/solution1/.autopilot/db/SM3Calc.tbgen.tcl 
Execute     source D:/vivado/sm3/hls_prj/SM3/SM3/solution1/.autopilot/db/SM3Calc.tbgen.tcl 
Execute     source D:/vivado/sm3/hls_prj/SM3/SM3/solution1/.autopilot/db/SM3Calc.tbgen.tcl 
INFO: [COSIM 212-1] *** C/RTL co-simulation file generation completed. ***
Execute     source .run_sim.tcl 
Execute       source check_sim.tcl 
Execute       source .sim.status.tcl 
INFO: [COSIM 212-323] Starting verilog simulation. 
INFO: [COSIM 212-15] Starting Modelsim ...
INFO: [COSIM 212-316] Starting C post checking ...
Command     ap_source done; 21.308 sec.
INFO: [COSIM 212-1000] *** C/RTL co-simulation finished: PASS ***
INFO: [COSIM 212-211] II is measurable only when transaction number is greater than 1 in RTL simulation. Otherwise, they will be marked as all NA. If user wants to calculate them, please make sure there are at least 2 transactions in RTL simulation.
Command   cosim_design done; 88.135 sec.
Command ap_source done; 90.506 sec.
Execute cleanup_all 
INFO-FLOW: Workspace C:/Users/likangli/Desktop/lkl/SM234/SM3/SM3/SM3/solution1 opened at Sun Mar 14 21:21:25 +0800 2021
Execute     config_clock -quiet -name default -period 10 -default=false 
INFO: [SYN 201-201] Setting up clock 'default' with a period of 10ns.
Execute     open_platform DefaultPlatform 
Execute     import_lib D:/VIVADO/Vivado/2019.1/common/technology/xilinx/virtex7/virtex7 
Execute       source D:/VIVADO/Vivado/2019.1/common/technology/xilinx/common/xilinx.lib 
Execute         source D:/VIVADO/Vivado/2019.1/common/technology/xilinx/interface/xilinx_interface.lib 
Execute           source D:/VIVADO/Vivado/2019.1/common/technology/xilinx/interface/plb46.lib 
Execute           source D:/VIVADO/Vivado/2019.1/common/technology/xilinx/interface/fsl.lib 
Execute           source D:/VIVADO/Vivado/2019.1/common/technology/xilinx/interface/axi4.lib 
Execute           source D:/VIVADO/Vivado/2019.1/common/technology/xilinx/interface/maxi.lib 
Execute           source D:/VIVADO/Vivado/2019.1/common/technology/xilinx/interface/saxilite.lib 
Execute         source D:/VIVADO/Vivado/2019.1/common/technology/xilinx/common/dsp48.lib 
Execute         source D:/VIVADO/Vivado/2019.1/common/technology/xilinx/ip/dds_compiler.lib 
Execute         source D:/VIVADO/Vivado/2019.1/common/technology/xilinx/ip/xfft.lib 
Execute         source D:/VIVADO/Vivado/2019.1/common/technology/xilinx/ip/xfir.lib 
Execute       source D:/VIVADO/Vivado/2019.1/common/technology/xilinx/common/xilinx.hlp 
Execute         source D:/VIVADO/Vivado/2019.1/common/technology/xilinx/common/target_info.tcl 
Execute         source D:/VIVADO/Vivado/2019.1/common/technology/xilinx/interface/xilinx_interface.hlp 
Execute           source D:/VIVADO/Vivado/2019.1/common/technology/xilinx/interface/maxi.hlp 
Execute           source D:/VIVADO/Vivado/2019.1/common/technology/xilinx/interface/saxilite.hlp 
Execute         source D:/VIVADO/Vivado/2019.1/common/technology/xilinx/common/dsp48.hlp 
Execute       source D:/VIVADO/Vivado/2019.1/common/technology/xilinx/virtex7/dsp48e1.hlp 
Execute       source D:/VIVADO/Vivado/2019.1/common/technology/xilinx/common/xilinx.hlp 
Execute         source D:/VIVADO/Vivado/2019.1/common/technology/xilinx/common/target_info.tcl 
Execute         source D:/VIVADO/Vivado/2019.1/common/technology/xilinx/interface/xilinx_interface.hlp 
Execute           source D:/VIVADO/Vivado/2019.1/common/technology/xilinx/interface/maxi.hlp 
Execute           source D:/VIVADO/Vivado/2019.1/common/technology/xilinx/interface/saxilite.hlp 
Execute         source D:/VIVADO/Vivado/2019.1/common/technology/xilinx/common/dsp48.hlp 
Command     import_lib done; 0.176 sec.
Execute     source D:/VIVADO/Vivado/2019.1/common/technology/xilinx/virtex7/virtex7.gen 
Execute       source D:/VIVADO/Vivado/2019.1/common/technology/xilinx/common/xilinx.gen 
Execute         source D:/VIVADO/Vivado/2019.1/common/technology/xilinx/interface/plb46.gen 
Execute         source D:/VIVADO/Vivado/2019.1/common/technology/xilinx/interface/fsl.gen 
Execute         source D:/VIVADO/Vivado/2019.1/common/technology/xilinx/interface/axi4.gen 
Execute         source D:/VIVADO/Vivado/2019.1/common/technology/xilinx/interface/nativeAXI4.gen 
Execute           source D:/VIVADO/Vivado/2019.1/common/technology/xilinx/interface/saxilite.gen 
Execute           source D:/VIVADO/Vivado/2019.1/common/technology/xilinx/interface/maxi.gen 
Execute         source D:/VIVADO/Vivado/2019.1/common/technology/xilinx/scripts/xilinxcoregen.gen 
Execute         source D:/VIVADO/Vivado/2019.1/common/technology/xilinx/interface/XilEDKCoreGen.gen 
Execute         source D:/VIVADO/Vivado/2019.1/common/technology/xilinx/ip/dds_compiler.gen 
Execute         source D:/VIVADO/Vivado/2019.1/common/technology/xilinx/ip/util.gen 
Execute         source D:/VIVADO/Vivado/2019.1/common/technology/xilinx/ip/xfft.gen 
Execute         source D:/VIVADO/Vivado/2019.1/common/technology/xilinx/ip/xfir.gen 
Execute         source D:/VIVADO/Vivado/2019.1/common/technology/xilinx/common/dsp48.gen 
Command       ap_source done; 0.211 sec.
Command     ap_source done; 0.212 sec.
Execute     open_platform DefaultPlatform 
Execute     import_lib D:/VIVADO/Vivado/2019.1/common/technology/xilinx/virtex7/virtex7_fpv6 
Execute       source D:/VIVADO/Vivado/2019.1/common/technology/xilinx/common/xilinx_fp.lib 
Execute       source D:/VIVADO/Vivado/2019.1/common/technology/xilinx/common/xilinx_fp.hlp 
Execute         source D:/VIVADO/Vivado/2019.1/common/technology/xilinx/common/xilinx.hlp 
Execute           source D:/VIVADO/Vivado/2019.1/common/technology/xilinx/common/target_info.tcl 
Execute           source D:/VIVADO/Vivado/2019.1/common/technology/xilinx/interface/xilinx_interface.hlp 
Execute             source D:/VIVADO/Vivado/2019.1/common/technology/xilinx/interface/maxi.hlp 
Execute             source D:/VIVADO/Vivado/2019.1/common/technology/xilinx/interface/saxilite.hlp 
Execute           source D:/VIVADO/Vivado/2019.1/common/technology/xilinx/common/dsp48.hlp 
Execute     source D:/VIVADO/Vivado/2019.1/common/technology/xilinx/virtex7/virtex7_fpv6.gen 
Execute       source D:/VIVADO/Vivado/2019.1/common/technology/xilinx/common/xilinx_fp.gen 
Execute     set_part xc7vx980t-ffg1930-2 
Execute       ap_part_info -name xc7vx980t-ffg1930-2 -data single -quiet 
Command       ap_part_info done; 0.677 sec.
Execute       ap_part_info -name xc7vx980t-ffg1930-2 -data info 
Execute       add_library xilinx/virtex7/virtex7:xc7vx980t:-ffg1930:-2 
Execute         get_default_platform 
Execute         license_isbetapart xc7vx980t 
Command         license_isbetapart done; error code: 1; 0.131 sec.
Execute         ap_part_info -data single -name xc7vx980t-ffg1930-2 
Execute         ap_part_info -name xc7vx980t-ffg1930-2 -data resources 
Execute         ap_part_info -name xc7vx980t-ffg1930-2 -data info 
Execute         ap_part_info -name xc7vx980t-ffg1930-2 -data info 
Execute         config_chip_info -quiet -resource {SLICE 153000} {LUT 612000} {FF 1224000} {DSP48E 3600} {BRAM 3000} {URAM 0} 
Execute         ap_part_info -name xc7vx980t-ffg1930-2 -data info 
Execute         config_chip_info -quiet -speed medium 
Command       add_library done; 0.152 sec.
Execute       add_library xilinx/virtex7/virtex7_fpv6 
Execute         get_default_platform 
INFO: [HLS 200-10] Setting target device to 'xc7vx980t-ffg1930-2'
Execute       ap_part_info -name xc7vx980t-ffg1930-2 -data info 
Execute       get_default_platform 
Command     set_part done; 0.921 sec.
Execute     ap_part_info -data single -name xc7vx980t-ffg1930-2 
Execute     ap_part_info -name xc7vx980t-ffg1930-2 -data resources 
Execute     ap_part_info -name xc7vx980t-ffg1930-2 -data info 
Execute     ap_part_info -name xc7vx980t-ffg1930-2 -data info 
Execute     config_chip_info -quiet -resource {SLICE 153000} {LUT 612000} {FF 1224000} {DSP48E 3600} {BRAM 3000} {URAM 0} 
Execute     ap_part_info -name xc7vx980t-ffg1930-2 -data info 
Execute     config_chip_info -quiet -speed medium 
Command   open_solution done; 1.525 sec.
Execute   csim_design -quiet 
Execute     source C:/Users/likangli/Desktop/lkl/SM234/SM3/SM3/SM3/solution1/.autopilot/db/global.setting.tcl 
INFO: [SIM 211-2] *************** CSIM start ***************
INFO: [SIM 211-4] CSIM will launch GCC as the compiler.
Execute     source csim/.lst_opt.tcl 
Execute     is_encrypted C:/Users/likangli/Desktop/lkl/SM234/SM3/SM3/SM3/test/test_SM3.c 
Execute     is_xip C:/Users/likangli/Desktop/lkl/SM234/SM3/SM3/SM3/test/test_SM3.c 
Execute     is_encrypted C:/Users/likangli/Desktop/lkl/SM234/SM3/SM3/SM3/src/SM3.h 
Execute     is_xip C:/Users/likangli/Desktop/lkl/SM234/SM3/SM3/SM3/src/SM3.h 
Execute     is_encrypted C:/Users/likangli/Desktop/lkl/SM234/SM3/SM3/SM3/src/SM3.c 
Execute     is_xip C:/Users/likangli/Desktop/lkl/SM234/SM3/SM3/SM3/src/SM3.c 
Execute     ap_part_info -name xc7vx980t-ffg1930-2 -data info 
ERROR: [SIM 211-100] 'csim_design' failed: compilation error(s).
INFO: [SIM 211-3] *************** CSIM finish ***************
Command   csim_design done; error code: 2; 1.033 sec.
Command ap_source done; error code: 1; 2.587 sec.
Execute cleanup_all 
